#
# A fatal error has been detected by the Java Runtime Environment:
#
#  EXCEPTION_ACCESS_VIOLATION (0xc0000005) at pc=0x00007ffaa2730503, pid=4164, tid=11832
#
# JRE version: Java(TM) SE Runtime Environment (21.0.4+8) (build 21.0.4+8-LTS-274)
# Java VM: Java HotSpot(TM) 64-Bit Server VM (21.0.4+8-LTS-274, mixed mode, emulated-client, sharing, tiered, compressed oops, compressed class ptrs, g1 gc, windows-amd64)
# Problematic frame:
# V  [jvm.dll+0x350503]
#
# No core dump will be written. Minidumps are not enabled by default on client versions of Windows
#
# If you would like to submit a bug report, please visit:
#   https://bugreport.java.com/bugreport/crash.jsp
#

---------------  S U M M A R Y ------------

Command Line: -XX:TieredStopAtLevel=1 -Dspring.output.ansi.enabled=always -Dcom.sun.management.jmxremote -Dspring.jmx.enabled=true -Dspring.liveBeansView.mbeanDomain -Dspring.application.admin.enabled=true -Dmanagement.endpoints.jmx.exposure.include=* -javaagent:C:\Program Files\JetBrains\IntelliJ IDEA 2024.2.3\lib\idea_rt.jar=59705:C:\Program Files\JetBrains\IntelliJ IDEA 2024.2.3\bin -Dfile.encoding=UTF-8 -Dsun.stdout.encoding=UTF-8 -Dsun.stderr.encoding=UTF-8 com.example.trabalho_frameworks.TrabalhoFrameworksApplication

Host: AMD Ryzen 3 4100 4-Core Processor              , 8 cores, 39G,  Windows 11 , 64 bit Build 22621 (10.0.22621.3958)
Time: Sun Sep 29 21:31:15 2024 Hora oficial do Brasil elapsed time: 499.030670 seconds (0d 0h 8m 19s)

---------------  T H R E A D  ---------------

Current thread (0x00000259dd69ab60):  WorkerThread "GC Thread#2"    [id=11832, stack(0x000000c83c700000,0x000000c83c800000) (1024K)]

Stack: [0x000000c83c700000,0x000000c83c800000],  sp=0x000000c83c7ff470,  free space=1021k
Native frames: (J=compiled Java code, j=interpreted, Vv=VM code, C=native code)
V  [jvm.dll+0x350503]
V  [jvm.dll+0x321d98]
V  [jvm.dll+0x3ae5d7]
V  [jvm.dll+0x344c39]
V  [jvm.dll+0x3ad8d6]
V  [jvm.dll+0x344cb4]
V  [jvm.dll+0x880f17]
V  [jvm.dll+0x7fd65b]
V  [jvm.dll+0x6c753d]
C  [ucrtbase.dll+0x29333]
C  [KERNEL32.DLL+0x1257d]
C  [ntdll.dll+0x5af28]


siginfo: EXCEPTION_ACCESS_VIOLATION (0xc0000005), writing address 0x0000000000004808


Registers:
RAX=0x0000000000000000, RBX=0x000000000000da00, RCX=0x00000259fce77050, RDX=0x0000000000000000
RSP=0x000000c83c7ff470, RBP=0x0000025994b9a908, RSI=0x0000000000000003, RDI=0x0000000000000280
R8 =0x00000259fcdf9458, R9 =0x0000000000008100, R10=0x0000000000004800, R11=0x0000000000004200
R12=0x0000000000000001, R13=0x000000c83c7ff5f0, R14=0x000000c83c7ff5f0, R15=0x0000000000000000
RIP=0x00007ffaa2730503, EFLAGS=0x0000000000010206


Register to memory mapping:

RAX=0x0 is null
RBX=0x000000000000da00 is an unknown value
RCX=0x00000259fce77050 points into unknown readable memory: 0x00007ffaa2db63a0 | a0 63 db a2 fa 7f 00 00
RDX=0x0 is null
RSP=0x000000c83c7ff470 points into unknown readable memory: 0x00000259fce77050 | 50 70 e7 fc 59 02 00 00
RBP=0x0000025994b9a908 points into unknown readable memory: 0x00007ffaa2dabcb0 | b0 bc da a2 fa 7f 00 00
RSI=0x0000000000000003 is an unknown value
RDI=0x0000000000000280 is an unknown value
R8 =0x00000259fcdf9458 points into unknown readable memory: 0x0000000000000000 | 00 00 00 00 00 00 00 00
R9 =0x0000000000008100 is an unknown value
R10=0x0000000000004800 is an unknown value
R11=0x0000000000004200 is an unknown value
R12=0x0000000000000001 is an unknown value
R13=0x000000c83c7ff5f0 points into unknown readable memory: 0x00007ffaa2db05f8 | f8 05 db a2 fa 7f 00 00
R14=0x000000c83c7ff5f0 points into unknown readable memory: 0x00007ffaa2db05f8 | f8 05 db a2 fa 7f 00 00
R15=0x0 is null

Top of Stack: (sp=0x000000c83c7ff470)
0x000000c83c7ff470:   00000259fce77050 00007ffaa2701d98
0x000000c83c7ff480:   000000c83c7ff500 0000000000000000
0x000000c83c7ff490:   0000000000000050 00000259fce74860
0x000000c83c7ff4a0:   0000000000000050 00007ffaa278e5d7
0x000000c83c7ff4b0:   0000025994b9a900 00000259fcdf4010
0x000000c83c7ff4c0:   00000259fce75f50 00000259dd6d30a0
0x000000c83c7ff4d0:   0000000586800000 0000000000100000
0x000000c83c7ff4e0:   0000000000000008 00007ffaa2724c39
0x000000c83c7ff4f0:   0000000583fe6960 00000259fce55e30
0x000000c83c7ff500:   00000259fce6e5f0 00007ffaa2c47d00
0x000000c83c7ff510:   0000000000000000 000000c83c7ff5f0
0x000000c83c7ff520:   0000000000000001 0000000000000000
0x000000c83c7ff530:   000000c83b5fe808 00007ffaa278d8d6
0x000000c83c7ff540:   0000000000000008 0000000000000001
0x000000c83c7ff550:   00000259fcdf4010 0000000000000050
0x000000c83c7ff560:   0000000000000070 00000259dd6b2328
0x000000c83c7ff570:   000000c83b5fe7e0 0000000000000000
0x000000c83c7ff580:   00000259dd69ab60 00007ffaa2724cb4
0x000000c83c7ff590:   0000000000000030 0000000000000000
0x000000c83c7ff5a0:   000000c800000000 000000020000000e
0x000000c83c7ff5b0:   0000000000000048 0000000000000001
0x000000c83c7ff5c0:   0000000129700508 0000000000000000
0x000000c83c7ff5d0:   0000000129700508 0000000000000000
0x000000c83c7ff5e0:   0000000000000000 0000000000000000
0x000000c83c7ff5f0:   00007ffaa2db05f8 0000000000000001
0x000000c83c7ff600:   00000259fcdf3e80 000000c83b5fee30
0x000000c83c7ff610:   00000259dd6d3030 00007ffaa2c60f17
0x000000c83c7ff620:   00000259fcde9e18 00000259dd69ab60
0x000000c83c7ff630:   0000000000000000 00000259dd6d3030
0x000000c83c7ff640:   0000000000000000 00000259dd69ab60
0x000000c83c7ff650:   0000000000000000 0000000000100000
0x000000c83c7ff660:   0000000000000000 00007ffaa2bdd65b 

Instructions: (pc=0x00007ffaa2730503)
0x00007ffaa2730403:   e8 18 90 cb ff 4c 8d 0d f9 23 68 00 89 5c 24 28
0x00007ffaa2730413:   4c 8d 05 16 24 68 00 48 89 44 24 20 ba cf 00 00
0x00007ffaa2730423:   00 48 8d 0d 4d 24 68 00 e8 20 d0 f2 ff cc cc cc
0x00007ffaa2730433:   cc cc cc cc cc cc cc cc cc cc cc cc cc 48 8b 01
0x00007ffaa2730443:   0f 1f 40 00 66 0f 1f 84 00 00 00 00 00 4c 8b d0
0x00007ffaa2730453:   49 89 40 08 f0 48 0f b1 11 4c 3b d0 75 ef f0 4c
0x00007ffaa2730463:   01 49 08 48 8b 44 24 28 f0 48 01 41 10 c3 cc cc
0x00007ffaa2730473:   cc cc cc cc cc cc cc cc cc cc cc cc cc 48 83 ec
0x00007ffaa2730483:   28 ba 6e 00 00 00 48 8d 0d 20 23 68 00 e8 7b cf
0x00007ffaa2730493:   f2 ff cc cc cc cc cc cc cc cc cc cc cc 40 53 48
0x00007ffaa27304a3:   83 ec 20 0f b6 05 73 f7 90 00 48 8b d9 84 c0 75
0x00007ffaa27304b3:   05 e8 27 ed 03 00 48 8b cb 48 83 c4 20 5b e9 9a
0x00007ffaa27304c3:   f1 d6 ff cc cc cc cc cc cc cc cc cc cc 48 83 ec
0x00007ffaa27304d3:   08 4c 8b 49 18 4d 85 c9 74 42 4c 8b 59 30 48 89
0x00007ffaa27304e3:   1c 24 8b 59 28 4c 8b 41 38 4c 8b 51 20 49 8b 00
0x00007ffaa27304f3:   0f 1f 40 00 66 0f 1f 84 00 00 00 00 00 48 8b d0
0x00007ffaa2730503:   49 89 42 08 f0 4d 0f b1 08 48 3b d0 75 ef f0 49
0x00007ffaa2730513:   01 58 08 f0 4d 01 58 10 48 8b 1c 24 33 d2 48 8b
0x00007ffaa2730523:   c1 48 89 51 18 48 89 51 20 89 51 28 48 89 51 30
0x00007ffaa2730533:   89 51 40 89 51 44 48 83 c4 08 c3 cc cc 48 89 5c
0x00007ffaa2730543:   24 08 48 89 74 24 10 48 89 7c 24 18 4c 89 74 24
0x00007ffaa2730553:   20 41 57 48 83 ec 20 65 48 8b 04 25 58 00 00 00
0x00007ffaa2730563:   4d 8b f0 44 8b 0d 3b 76 91 00 4c 8b fa 48 8b d9
0x00007ffaa2730573:   4a 8b 34 c8 b8 70 00 00 00 80 3c 30 00 75 05 e8
0x00007ffaa2730583:   a9 13 5a 00 b8 20 00 00 00 48 8b 34 30 48 8b be
0x00007ffaa2730593:   a8 01 00 00 48 8b c7 40 f6 c7 01 75 0b 48 8b 05
0x00007ffaa27305a3:   79 ee 8c 00 48 83 c8 01 48 89 86 a8 01 00 00 e8
0x00007ffaa27305b3:   79 97 36 00 90 33 d2 48 87 13 48 8b 43 08 49 89
0x00007ffaa27305c3:   07 48 8b c2 48 8b 4b 10 49 89 0e 48 85 d2 74 16
0x00007ffaa27305d3:   49 8b 0f 48 f7 d9 f0 48 01 4b 08 49 8b 0e 48 f7
0x00007ffaa27305e3:   d9 f0 48 01 4b 10 48 8b 5c 24 30 4c 8b 74 24 48
0x00007ffaa27305f3:   48 89 be a8 01 00 00 48 8b 74 24 38 48 8b 7c 24 


Stack slot to memory mapping:

stack at sp + 0 slots: 0x00000259fce77050 points into unknown readable memory: 0x00007ffaa2db63a0 | a0 63 db a2 fa 7f 00 00
stack at sp + 1 slots: 0x00007ffaa2701d98 jvm.dll
stack at sp + 2 slots: 0x000000c83c7ff500 points into unknown readable memory: 0x00000259fce6e5f0 | f0 e5 e6 fc 59 02 00 00
stack at sp + 3 slots: 0x0 is null
stack at sp + 4 slots: 0x0000000000000050 is an unknown value
stack at sp + 5 slots: 0x00000259fce74860 points into unknown readable memory: 0x0000000586000000 | 00 00 00 86 05 00 00 00
stack at sp + 6 slots: 0x0000000000000050 is an unknown value
stack at sp + 7 slots: 0x00007ffaa278e5d7 jvm.dll


---------------  P R O C E S S  ---------------

Threads class SMR info:
_java_thread_list=0x00000259dde168d0, length=19, elements={
0x0000025994d251b0, 0x0000025994d260d0, 0x0000025994d294a0, 0x0000025994d2a590,
0x0000025994d2b1f0, 0x0000025994d2dd90, 0x0000025994d2e920, 0x000002599780bd90,
0x000002599780b070, 0x000002599780b700, 0x000002599780c420, 0x000002599780a350,
0x00000259de78c9a0, 0x00000259de787450, 0x00000259df979460, 0x00000259df978dd0,
0x00000259de787ae0, 0x00000259df2dd000, 0x00000259de78af60
}

Java Threads: ( => current thread )
  0x0000025994d251b0 JavaThread "Reference Handler"          daemon [_thread_blocked, id=4672, stack(0x000000c83b600000,0x000000c83b700000) (1024K)]
  0x0000025994d260d0 JavaThread "Finalizer"                  daemon [_thread_blocked, id=18640, stack(0x000000c83b700000,0x000000c83b800000) (1024K)]
  0x0000025994d294a0 JavaThread "Signal Dispatcher"          daemon [_thread_blocked, id=14616, stack(0x000000c83b800000,0x000000c83b900000) (1024K)]
  0x0000025994d2a590 JavaThread "Attach Listener"            daemon [_thread_blocked, id=21452, stack(0x000000c83b900000,0x000000c83ba00000) (1024K)]
  0x0000025994d2b1f0 JavaThread "Service Thread"             daemon [_thread_blocked, id=14192, stack(0x000000c83ba00000,0x000000c83bb00000) (1024K)]
  0x0000025994d2dd90 JavaThread "Monitor Deflation Thread"   daemon [_thread_blocked, id=17140, stack(0x000000c83bb00000,0x000000c83bc00000) (1024K)]
  0x0000025994d2e920 JavaThread "C1 CompilerThread0"         daemon [_thread_blocked, id=19760, stack(0x000000c83bc00000,0x000000c83bd00000) (1024K)]
  0x000002599780bd90 JavaThread "Common-Cleaner"             daemon [_thread_blocked, id=8012, stack(0x000000c83bd00000,0x000000c83be00000) (1024K)]
  0x000002599780b070 JavaThread "Monitor Ctrl-Break"         daemon [_thread_in_native, id=18788, stack(0x000000c83c000000,0x000000c83c100000) (1024K)]
  0x000002599780b700 JavaThread "Notification Thread"        daemon [_thread_blocked, id=14724, stack(0x000000c83c100000,0x000000c83c200000) (1024K)]
  0x000002599780c420 JavaThread "RMI TCP Accept-0"           daemon [_thread_in_native, id=14072, stack(0x000000c83c300000,0x000000c83c400000) (1024K)]
  0x000002599780a350 JavaThread "RMI Scheduler(0)"           daemon [_thread_blocked, id=17972, stack(0x000000c83ce00000,0x000000c83cf00000) (1024K)]
  0x00000259de78c9a0 JavaThread "PostgreSQL-JDBC-Cleaner"    daemon [_thread_blocked, id=11228, stack(0x000000c83d500000,0x000000c83d600000) (1024K)]
  0x00000259de787450 JavaThread "Live Reload Server"         daemon [_thread_in_native, id=19624, stack(0x000000c83da00000,0x000000c83db00000) (1024K)]
  0x00000259df979460 JavaThread "DestroyJavaVM"                     [_thread_blocked, id=21064, stack(0x000000c83ae00000,0x000000c83af00000) (1024K)]
  0x00000259df978dd0 JavaThread "File Watcher"               daemon [_thread_blocked, id=13280, stack(0x000000c83be00000,0x000000c83bf00000) (1024K)]
  0x00000259de787ae0 JavaThread "File Watcher"               daemon [_thread_blocked, id=14984, stack(0x000000c83ac00000,0x000000c83ad00000) (1024K)]
  0x00000259df2dd000 JavaThread "C1 CompilerThread1"         daemon [_thread_blocked, id=20792, stack(0x000000c83d000000,0x000000c83d100000) (1024K)]
  0x00000259de78af60 JavaThread "Thread-29"                         [_thread_blocked, id=12128, stack(0x000000c83ab00000,0x000000c83ac00000) (1024K)]
Total: 19

Other Threads:
  0x0000025994d05390 VMThread "VM Thread"                           [id=5088, stack(0x000000c83b500000,0x000000c83b600000) (1024K)]
  0x0000025994ceffe0 WatcherThread "VM Periodic Task Thread"        [id=18300, stack(0x000000c83b400000,0x000000c83b500000) (1024K)]
  0x0000025994b58810 WorkerThread "GC Thread#0"                     [id=19276, stack(0x000000c83af00000,0x000000c83b000000) (1024K)]
  0x00000259dd69a7c0 WorkerThread "GC Thread#1"                     [id=7664, stack(0x000000c83c600000,0x000000c83c700000) (1024K)]
=>0x00000259dd69ab60 WorkerThread "GC Thread#2"                     [id=11832, stack(0x000000c83c700000,0x000000c83c800000) (1024K)]
  0x00000259dd4d2250 WorkerThread "GC Thread#3"                     [id=11104, stack(0x000000c83c800000,0x000000c83c900000) (1024K)]
  0x00000259dd4d25f0 WorkerThread "GC Thread#4"                     [id=14992, stack(0x000000c83c900000,0x000000c83ca00000) (1024K)]
  0x00000259dd4d2e10 WorkerThread "GC Thread#5"                     [id=16556, stack(0x000000c83ca00000,0x000000c83cb00000) (1024K)]
  0x00000259dd4d31b0 WorkerThread "GC Thread#6"                     [id=18636, stack(0x000000c83cb00000,0x000000c83cc00000) (1024K)]
  0x00000259dd6d3960 WorkerThread "GC Thread#7"                     [id=16764, stack(0x000000c83cc00000,0x000000c83cd00000) (1024K)]
  0x00000259fce60650 ConcurrentGCThread "G1 Main Marker"            [id=16948, stack(0x000000c83b000000,0x000000c83b100000) (1024K)]
  0x00000259fce61150 WorkerThread "G1 Conc#0"                       [id=18008, stack(0x000000c83b100000,0x000000c83b200000) (1024K)]
  0x00000259ddd8f970 WorkerThread "G1 Conc#1"                       [id=14360, stack(0x000000c83d100000,0x000000c83d200000) (1024K)]
  0x00000259fce9eaf0 ConcurrentGCThread "G1 Refine#0"               [id=15916, stack(0x000000c83b200000,0x000000c83b300000) (1024K)]
  0x0000025994bc5760 ConcurrentGCThread "G1 Service"                [id=14284, stack(0x000000c83b300000,0x000000c83b400000) (1024K)]
Total: 15

Threads with active compile tasks:
C1 CompilerThread1   499149 9722   !   1       org.apache.catalina.core.ContainerBase::getRealmInternal (38 bytes)
Total: 1

VM state: at safepoint (normal execution)

VM Mutex/Monitor currently owned by a thread:  ([mutex/lock_event])
[0x00007ffaa3017e98] Threads_lock - owner thread: 0x0000025994d05390
[0x00007ffaa3017f98] Heap_lock - owner thread: 0x00000259de78af60

Heap address: 0x0000000583000000, size: 10192 MB, Compressed Oops mode: Zero based, Oop shift amount: 3

CDS archive(s) mapped at: [0x0000025998000000-0x0000025998c90000-0x0000025998c90000), size 13172736, SharedBaseAddress: 0x0000025998000000, ArchiveRelocationMode: 1.
Compressed class space mapped at: 0x0000025999000000-0x00000259d9000000, reserved size: 1073741824
Narrow klass base: 0x0000025998000000, Narrow klass shift: 0, Narrow klass range: 0x100000000

GC Precious Log:
 CardTable entry size: 512
 Card Set container configuration: InlinePtr #cards 4 size 8 Array Of Cards #cards 64 size 144 Howl #buckets 8 coarsen threshold 14745 Howl Bitmap #cards 2048 size 272 coarsen threshold 1843 Card regions per heap region 1 cards per card region 16384
 CPUs: 8 total, 8 available
 Memory: 40755M
 Large Page Support: Disabled
 NUMA Support: Disabled
 Compressed Oops: Enabled (Zero based)
 Heap Region Size: 8M
 Heap Min Capacity: 8M
 Heap Initial Capacity: 640M
 Heap Max Capacity: 10192M
 Pre-touch: Disabled
 Parallel Workers: 8
 Concurrent Workers: 2
 Concurrent Refinement Workers: 8
 Periodic GC: Disabled

Heap:
 garbage-first heap   total 98304K, used 50176K [0x0000000583000000, 0x0000000800000000)
  region size 8192K, 4 young (32768K), 1 survivors (8192K)
 Metaspace       used 70114K, committed 70848K, reserved 1114112K
  class space    used 9957K, committed 10304K, reserved 1048576K

Heap Regions: E=young(eden), S=young(survivor), O=old, HS=humongous(starts), HC=humongous(continues), CS=collection set, F=free, TAMS=top-at-mark-start, PB=parsable bottom
|   0|0x0000000583000000, 0x00000005837ffe00, 0x0000000583800000| 99%| O|  |TAMS 0x0000000583000000| PB 0x0000000583000000| Untracked 
|   1|0x0000000583800000, 0x0000000584000000, 0x0000000584000000|100%| O|  |TAMS 0x0000000583800000| PB 0x0000000583800000| Untracked 
|   2|0x0000000584000000, 0x00000005847ffff8, 0x0000000584800000| 99%| O|  |TAMS 0x0000000584000000| PB 0x0000000584000000| Untracked 
|   3|0x0000000584800000, 0x00000005848cb180, 0x0000000585000000|  9%| O|  |TAMS 0x0000000584800000| PB 0x0000000584800000| Untracked 
|   4|0x0000000585000000, 0x0000000585000000, 0x0000000585800000|  0%| F|  |TAMS 0x0000000585000000| PB 0x0000000585000000| Untracked 
|   5|0x0000000585800000, 0x0000000585800000, 0x0000000586000000|  0%| F|  |TAMS 0x0000000585800000| PB 0x0000000585800000| Untracked 
|   6|0x0000000586000000, 0x0000000586000000, 0x0000000586800000|  0%| S|  |TAMS 0x0000000586000000| PB 0x0000000586000000| Untracked 
|   7|0x0000000586800000, 0x0000000586800000, 0x0000000587000000|  0%| F|  |TAMS 0x0000000586800000| PB 0x0000000586800000| Untracked 
|   8|0x0000000587000000, 0x0000000587000000, 0x0000000587800000|  0%| F|  |TAMS 0x0000000587000000| PB 0x0000000587000000| Untracked 
|   9|0x0000000587800000, 0x0000000587800000, 0x0000000588000000|  0%| E|  |TAMS 0x0000000587800000| PB 0x0000000587800000| Complete 
|  73|0x00000005a7800000, 0x00000005a7800000, 0x00000005a8000000|  0%| E|  |TAMS 0x00000005a7800000| PB 0x00000005a7800000| Complete 
|  79|0x00000005aa800000, 0x00000005aa800000, 0x00000005ab000000|  0%| E|  |TAMS 0x00000005aa800000| PB 0x00000005aa800000| Complete 

Card table byte_map: [0x00000259897a0000,0x000002598ab90000] _byte_map_base: 0x0000025986b88000

Marking Bits: (CMBitMap*) 0x00000259fce55e30
 Bits: [0x000002598ab90000, 0x0000025994ad0000)

Polling page: 0x00000259fc5a0000

Metaspace:

Usage:
  Non-class:     58.75 MB used.
      Class:      9.72 MB used.
       Both:     68.47 MB used.

Virtual space:
  Non-class space:       64.00 MB reserved,      59.12 MB ( 92%) committed,  1 nodes.
      Class space:        1.00 GB reserved,      10.06 MB ( <1%) committed,  1 nodes.
             Both:        1.06 GB reserved,      69.19 MB (  6%) committed. 

Chunk freelists:
   Non-Class:  4.17 MB
       Class:  6.03 MB
        Both:  10.20 MB

MaxMetaspaceSize: unlimited
CompressedClassSpaceSize: 1.00 GB
Initial GC threshold: 21.00 MB
Current GC threshold: 114.69 MB
CDS: on
 - commit_granule_bytes: 65536.
 - commit_granule_words: 8192.
 - virtual_space_node_default_size: 8388608.
 - enlarge_chunks_in_place: 1.
 - use_allocation_guard: 0.


Internal statistics:

num_allocs_failed_limit: 6.
num_arena_births: 1152.
num_arena_deaths: 426.
num_vsnodes_births: 2.
num_vsnodes_deaths: 0.
num_space_committed: 1107.
num_space_uncommitted: 0.
num_chunks_returned_to_freelist: 495.
num_chunks_taken_from_freelist: 3924.
num_chunk_merges: 130.
num_chunk_splits: 2631.
num_chunks_enlarged: 2043.
num_inconsistent_stats: 0.

CodeCache: size=49152Kb used=14372Kb max_used=15339Kb free=34779Kb
 bounds [0x00000259fcea0000, 0x00000259fde50000, 0x00000259ffea0000]
 total_blobs=8011 nmethods=7308 adapters=624
 compilation: enabled
              stopped_count=0, restarted_count=0
 full_count=0

Compilation events (20 events):
Event: 497.570 Thread 0x0000025994d2e920 nmethod 9712 0x00000259fdc52390 code [0x00000259fdc52520, 0x00000259fdc52640]
Event: 498.913 Thread 0x00000259df2dd000 9713   !   1       java.io.PrintStream::write (94 bytes)
Event: 498.913 Thread 0x0000025994d2e920 9714       1       java.io.PrintStream::implWrite (29 bytes)
Event: 498.914 Thread 0x0000025994d2e920 nmethod 9714 0x00000259fdc51e90 code [0x00000259fdc52060, 0x00000259fdc52250]
Event: 498.914 Thread 0x00000259df2dd000 nmethod 9713 0x00000259fdc50b10 code [0x00000259fdc50dc0, 0x00000259fdc515f0]
Event: 498.916 Thread 0x0000025994d2e920 9715       1       java.net.NetworkInterface$1::nextElement (37 bytes)
Event: 498.916 Thread 0x0000025994d2e920 nmethod 9715 0x00000259fdc50690 code [0x00000259fdc50840, 0x00000259fdc509f0]
Event: 498.918 Thread 0x0000025994d2e920 9716   !   1       java.util.concurrent.locks.LockSupport::park (47 bytes)
Event: 498.918 Thread 0x0000025994d2e920 nmethod 9716 0x00000259fdc50090 code [0x00000259fdc50240, 0x00000259fdc50568]
Event: 498.919 Thread 0x0000025994d2e920 9717       1       com.sun.jmx.mbeanserver.WeakIdentityHashMap$IdentityWeakReference::hashCode (5 bytes)
Event: 498.919 Thread 0x0000025994d2e920 nmethod 9717 0x00000259fdc4fd90 code [0x00000259fdc4ff20, 0x00000259fdc4ffe8]
Event: 498.921 Thread 0x0000025994d2e920 9718       1       java.util.concurrent.atomic.AtomicIntegerFieldUpdater$AtomicIntegerFieldUpdaterImpl::compareAndSet (19 bytes)
Event: 498.921 Thread 0x0000025994d2e920 nmethod 9718 0x00000259fdc4f990 code [0x00000259fdc4fb40, 0x00000259fdc4fca0]
Event: 498.927 Thread 0x0000025994d2e920 9719       1       org.apache.catalina.mapper.MapperListener::lifecycleEvent (180 bytes)
Event: 498.928 Thread 0x0000025994d2e920 nmethod 9719 0x00000259fdc4ea90 code [0x00000259fdc4ed20, 0x00000259fdc4f5f0]
Event: 498.929 Thread 0x0000025994d2e920 9720       1       java.io.SerialCallbackContext::getObj (9 bytes)
Event: 498.929 Thread 0x00000259df2dd000 9721       1       java.io.ObjectStreamClass::getField (84 bytes)
Event: 498.929 Thread 0x0000025994d2e920 nmethod 9720 0x00000259fdc4e690 code [0x00000259fdc4e840, 0x00000259fdc4e9c8]
Event: 498.930 Thread 0x00000259df2dd000 nmethod 9721 0x00000259fdc4dd90 code [0x00000259fdc4df80, 0x00000259fdc4e370]
Event: 498.932 Thread 0x00000259df2dd000 9722   !   1       org.apache.catalina.core.ContainerBase::getRealmInternal (38 bytes)

GC Heap History (20 events):
Event: 351.800 GC heap after
{Heap after GC invocations=20 (full 3):
 garbage-first heap   total 98304K, used 28112K [0x0000000583000000, 0x0000000800000000)
  region size 8192K, 1 young (8192K), 1 survivors (8192K)
 Metaspace       used 69035K, committed 69760K, reserved 1114112K
  class space    used 9851K, committed 10240K, reserved 1048576K
}
Event: 352.421 GC heap before
{Heap before GC invocations=20 (full 3):
 garbage-first heap   total 98304K, used 69072K [0x0000000583000000, 0x0000000800000000)
  region size 8192K, 6 young (49152K), 1 survivors (8192K)
 Metaspace       used 69238K, committed 69952K, reserved 1114112K
  class space    used 9869K, committed 10240K, reserved 1048576K
}
Event: 352.424 GC heap after
{Heap after GC invocations=21 (full 3):
 garbage-first heap   total 98304K, used 30419K [0x0000000583000000, 0x0000000800000000)
  region size 8192K, 1 young (8192K), 1 survivors (8192K)
 Metaspace       used 69238K, committed 69952K, reserved 1114112K
  class space    used 9869K, committed 10240K, reserved 1048576K
}
Event: 352.929 GC heap before
{Heap before GC invocations=21 (full 3):
 garbage-first heap   total 98304K, used 71379K [0x0000000583000000, 0x0000000800000000)
  region size 8192K, 6 young (49152K), 1 survivors (8192K)
 Metaspace       used 69333K, committed 70016K, reserved 1114112K
  class space    used 9877K, committed 10240K, reserved 1048576K
}
Event: 352.932 GC heap after
{Heap after GC invocations=22 (full 3):
 garbage-first heap   total 98304K, used 32158K [0x0000000583000000, 0x0000000800000000)
  region size 8192K, 1 young (8192K), 1 survivors (8192K)
 Metaspace       used 69333K, committed 70016K, reserved 1114112K
  class space    used 9877K, committed 10240K, reserved 1048576K
}
Event: 474.662 GC heap before
{Heap before GC invocations=22 (full 3):
 garbage-first heap   total 98304K, used 40350K [0x0000000583000000, 0x0000000800000000)
  region size 8192K, 3 young (24576K), 1 survivors (8192K)
 Metaspace       used 69336K, committed 70016K, reserved 1114112K
  class space    used 9877K, committed 10240K, reserved 1048576K
}
Event: 474.769 GC heap after
{Heap after GC invocations=23 (full 4):
 garbage-first heap   total 98304K, used 25368K [0x0000000583000000, 0x0000000800000000)
  region size 8192K, 0 young (0K), 0 survivors (0K)
 Metaspace       used 69333K, committed 70016K, reserved 1114112K
  class space    used 9877K, committed 10240K, reserved 1048576K
}
Event: 476.966 GC heap before
{Heap before GC invocations=23 (full 4):
 garbage-first heap   total 98304K, used 74520K [0x0000000583000000, 0x0000000800000000)
  region size 8192K, 6 young (49152K), 0 survivors (0K)
 Metaspace       used 69446K, committed 70144K, reserved 1114112K
  class space    used 9893K, committed 10240K, reserved 1048576K
}
Event: 476.968 GC heap after
{Heap after GC invocations=24 (full 4):
 garbage-first heap   total 98304K, used 28402K [0x0000000583000000, 0x0000000800000000)
  region size 8192K, 1 young (8192K), 1 survivors (8192K)
 Metaspace       used 69446K, committed 70144K, reserved 1114112K
  class space    used 9893K, committed 10240K, reserved 1048576K
}
Event: 477.596 GC heap before
{Heap before GC invocations=24 (full 4):
 garbage-first heap   total 98304K, used 61170K [0x0000000583000000, 0x0000000800000000)
  region size 8192K, 6 young (49152K), 1 survivors (8192K)
 Metaspace       used 69673K, committed 70400K, reserved 1114112K
  class space    used 9911K, committed 10304K, reserved 1048576K
}
Event: 477.599 GC heap after
{Heap after GC invocations=25 (full 4):
 garbage-first heap   total 98304K, used 30765K [0x0000000583000000, 0x0000000800000000)
  region size 8192K, 1 young (8192K), 1 survivors (8192K)
 Metaspace       used 69673K, committed 70400K, reserved 1114112K
  class space    used 9911K, committed 10304K, reserved 1048576K
}
Event: 478.065 GC heap before
{Heap before GC invocations=25 (full 4):
 garbage-first heap   total 98304K, used 71725K [0x0000000583000000, 0x0000000800000000)
  region size 8192K, 6 young (49152K), 1 survivors (8192K)
 Metaspace       used 69740K, committed 70464K, reserved 1114112K
  class space    used 9917K, committed 10304K, reserved 1048576K
}
Event: 478.070 GC heap after
{Heap after GC invocations=26 (full 4):
 garbage-first heap   total 98304K, used 31935K [0x0000000583000000, 0x0000000800000000)
  region size 8192K, 1 young (8192K), 1 survivors (8192K)
 Metaspace       used 69740K, committed 70464K, reserved 1114112K
  class space    used 9917K, committed 10304K, reserved 1048576K
}
Event: 495.854 GC heap before
{Heap before GC invocations=26 (full 4):
 garbage-first heap   total 98304K, used 31935K [0x0000000583000000, 0x0000000800000000)
  region size 8192K, 2 young (16384K), 1 survivors (8192K)
 Metaspace       used 69743K, committed 70464K, reserved 1114112K
  class space    used 9918K, committed 10304K, reserved 1048576K
}
Event: 495.978 GC heap after
{Heap after GC invocations=27 (full 5):
 garbage-first heap   total 98304K, used 25130K [0x0000000583000000, 0x0000000800000000)
  region size 8192K, 0 young (0K), 0 survivors (0K)
 Metaspace       used 69738K, committed 70464K, reserved 1114112K
  class space    used 9917K, committed 10304K, reserved 1048576K
}
Event: 496.781 GC heap before
{Heap before GC invocations=27 (full 5):
 garbage-first heap   total 98304K, used 74282K [0x0000000583000000, 0x0000000800000000)
  region size 8192K, 6 young (49152K), 0 survivors (0K)
 Metaspace       used 69842K, committed 70592K, reserved 1114112K
  class space    used 9934K, committed 10304K, reserved 1048576K
}
Event: 496.784 GC heap after
{Heap after GC invocations=28 (full 5):
 garbage-first heap   total 98304K, used 29152K [0x0000000583000000, 0x0000000800000000)
  region size 8192K, 1 young (8192K), 1 survivors (8192K)
 Metaspace       used 69842K, committed 70592K, reserved 1114112K
  class space    used 9934K, committed 10304K, reserved 1048576K
}
Event: 497.295 GC heap before
{Heap before GC invocations=28 (full 5):
 garbage-first heap   total 98304K, used 70112K [0x0000000583000000, 0x0000000800000000)
  region size 8192K, 6 young (49152K), 1 survivors (8192K)
 Metaspace       used 70114K, committed 70848K, reserved 1114112K
  class space    used 9957K, committed 10304K, reserved 1048576K
}
Event: 497.299 GC heap after
{Heap after GC invocations=29 (full 5):
 garbage-first heap   total 98304K, used 31647K [0x0000000583000000, 0x0000000800000000)
  region size 8192K, 1 young (8192K), 1 survivors (8192K)
 Metaspace       used 70114K, committed 70848K, reserved 1114112K
  class space    used 9957K, committed 10304K, reserved 1048576K
}
Event: 498.932 GC heap before
{Heap before GC invocations=29 (full 5):
 garbage-first heap   total 98304K, used 48031K [0x0000000583000000, 0x0000000800000000)
  region size 8192K, 4 young (32768K), 1 survivors (8192K)
 Metaspace       used 70117K, committed 70848K, reserved 1114112K
  class space    used 9957K, committed 10304K, reserved 1048576K
}

Dll operation events (13 events):
Event: 0.011 Loaded shared library C:\Program Files\Java\jdk-21\bin\java.dll
Event: 0.152 Loaded shared library C:\Program Files\Java\jdk-21\bin\zip.dll
Event: 0.156 Loaded shared library C:\Program Files\Java\jdk-21\bin\instrument.dll
Event: 0.161 Loaded shared library C:\Program Files\Java\jdk-21\bin\net.dll
Event: 0.164 Loaded shared library C:\Program Files\Java\jdk-21\bin\nio.dll
Event: 0.168 Loaded shared library C:\Program Files\Java\jdk-21\bin\zip.dll
Event: 0.284 Loaded shared library C:\Program Files\JetBrains\IntelliJ IDEA 2024.2.3\bin\breakgen64.dll
Event: 0.289 Loaded shared library C:\Program Files\Java\jdk-21\bin\jimage.dll
Event: 0.294 Loaded shared library C:\Program Files\Java\jdk-21\bin\extnet.dll
Event: 0.311 Loaded shared library C:\Program Files\Java\jdk-21\bin\management.dll
Event: 0.322 Loaded shared library C:\Program Files\Java\jdk-21\bin\management_ext.dll
Event: 1.931 Loaded shared library C:\Program Files\Java\jdk-21\bin\sunmscapi.dll
Event: 5.027 Loaded shared library C:\Program Files\Java\jdk-21\bin\verify.dll

Deoptimization events (6 events):
Event: 3.388 Thread 0x0000025997809630 DEOPT PACKING pc=0x00000259fd6b6094 sp=0x000000c83c5fcae0
Event: 3.388 Thread 0x0000025997809630 DEOPT UNPACKING pc=0x00000259fcef4e42 sp=0x000000c83c5fbf98 mode 0
Event: 6.995 Thread 0x0000025997809630 DEOPT PACKING pc=0x00000259fd539e01 sp=0x000000c83c5fc580
Event: 6.995 Thread 0x0000025997809630 DEOPT UNPACKING pc=0x00000259fcef4e42 sp=0x000000c83c5fba88 mode 3
Event: 7.108 Thread 0x0000025997809630 DEOPT PACKING pc=0x00000259fd521ec4 sp=0x000000c83c5fc9f0
Event: 7.108 Thread 0x0000025997809630 DEOPT UNPACKING pc=0x00000259fcef4e42 sp=0x000000c83c5fbf48 mode 0

Classes loaded (20 events):
Event: 106.660 Loading class java/util/concurrent/locks/ReentrantReadWriteLock$Sync$HoldCounter
Event: 106.660 Loading class java/util/concurrent/locks/ReentrantReadWriteLock$Sync$HoldCounter done
Event: 310.807 Loading class java/util/concurrent/locks/AbstractQueuedSynchronizer$SharedNode
Event: 310.807 Loading class java/util/concurrent/locks/AbstractQueuedSynchronizer$SharedNode done
Event: 310.813 Loading class java/util/AbstractMap$2
Event: 310.813 Loading class java/util/AbstractMap$2 done
Event: 310.814 Loading class java/util/AbstractMap$2$1
Event: 310.814 Loading class java/util/AbstractMap$2$1 done
Event: 310.829 Loading class java/io/ObjectOutputStream$PutFieldImpl
Event: 310.829 Loading class java/io/ObjectOutputStream$PutField
Event: 310.829 Loading class java/io/ObjectOutputStream$PutField done
Event: 310.829 Loading class java/io/ObjectOutputStream$PutFieldImpl done
Event: 310.830 Loading class java/io/FileOutputStream$1
Event: 310.830 Loading class java/io/FileOutputStream$1 done
Event: 310.976 Loading class java/lang/ref/Finalizer$2
Event: 310.976 Loading class java/lang/ref/Finalizer$2 done
Event: 310.976 Loading class java/lang/ref/Finalizer$1
Event: 310.976 Loading class java/lang/ref/Finalizer$1 done
Event: 496.456 Loading class java/lang/invoke/MethodHandleImpl$CountingWrapper$1
Event: 496.456 Loading class java/lang/invoke/MethodHandleImpl$CountingWrapper$1 done

Classes unloaded (20 events):
Event: 314.124 Thread 0x0000025994d05390 Unloading class 0x0000025999009800 'java/lang/invoke/LambdaForm$MH+0x0000025999009800'
Event: 314.124 Thread 0x0000025994d05390 Unloading class 0x0000025999009400 'java/lang/invoke/LambdaForm$MH+0x0000025999009400'
Event: 314.124 Thread 0x0000025994d05390 Unloading class 0x0000025999008c00 'java/lang/invoke/LambdaForm$MH+0x0000025999008c00'
Event: 314.124 Thread 0x0000025994d05390 Unloading class 0x0000025999008000 'java/lang/invoke/LambdaForm$MH+0x0000025999008000'
Event: 314.124 Thread 0x0000025994d05390 Unloading class 0x0000025999006c00 'java/lang/invoke/LambdaForm$MH+0x0000025999006c00'
Event: 314.124 Thread 0x0000025994d05390 Unloading class 0x0000025999006800 'java/lang/invoke/LambdaForm$MH+0x0000025999006800'
Event: 314.124 Thread 0x0000025994d05390 Unloading class 0x0000025999006000 'java/lang/invoke/LambdaForm$MH+0x0000025999006000'
Event: 314.124 Thread 0x0000025994d05390 Unloading class 0x0000025999005800 'java/lang/invoke/LambdaForm$MH+0x0000025999005800'
Event: 314.124 Thread 0x0000025994d05390 Unloading class 0x0000025999005000 'java/lang/invoke/LambdaForm$MH+0x0000025999005000'
Event: 314.124 Thread 0x0000025994d05390 Unloading class 0x0000025999004800 'java/lang/invoke/LambdaForm$MH+0x0000025999004800'
Event: 314.124 Thread 0x0000025994d05390 Unloading class 0x0000025999004000 'java/lang/invoke/LambdaForm$MH+0x0000025999004000'
Event: 314.124 Thread 0x0000025994d05390 Unloading class 0x0000025999002400 'java/lang/invoke/LambdaForm$MH+0x0000025999002400'
Event: 314.124 Thread 0x0000025994d05390 Unloading class 0x0000025999002000 'java/lang/invoke/LambdaForm$MH+0x0000025999002000'
Event: 314.124 Thread 0x0000025994d05390 Unloading class 0x0000025999001c00 'java/lang/invoke/LambdaForm$MH+0x0000025999001c00'
Event: 314.124 Thread 0x0000025994d05390 Unloading class 0x0000025999001400 'java/lang/invoke/LambdaForm$MH+0x0000025999001400'
Event: 349.519 Thread 0x0000025994d05390 Unloading class 0x00000259999f1800 'org/apache/catalina/loader/JdbcLeakPrevention'
Event: 474.710 Thread 0x0000025994d05390 Unloading class 0x0000025999931800 'org/apache/catalina/loader/JdbcLeakPrevention'
Event: 495.905 Thread 0x0000025994d05390 Unloading class 0x00000259992dd000 'org/apache/catalina/loader/JdbcLeakPrevention'
Event: 495.905 Thread 0x0000025994d05390 Unloading class 0x0000025999180800 'java/lang/invoke/LambdaForm$MH+0x0000025999180800'
Event: 498.972 Thread 0x0000025994d05390 Unloading class 0x0000025999006800 'org/apache/catalina/loader/JdbcLeakPrevention'

Classes redefined (0 events):
No events

Internal exceptions (20 events):
Event: 475.088 Thread 0x00000259de788e90 Exception <a 'java/lang/NoClassDefFoundError'{0x0000000587f21798}: jakarta/validation/ValidationException> (0x0000000587f21798) 
thrown [s\open\src\hotspot\share\classfile\systemDictionary.cpp, line 301]
Event: 475.088 Thread 0x00000259de788e90 Exception <a 'java/lang/NoClassDefFoundError'{0x0000000587f23ee0}: liquibase/exception/ChangeLogParseException> (0x0000000587f23ee0) 
thrown [s\open\src\hotspot\share\classfile\systemDictionary.cpp, line 301]
Event: 476.520 Thread 0x00000259de78a240 Exception <a 'sun/nio/fs/WindowsException'{0x0000000587003738}> (0x0000000587003738) 
thrown [s\open\src\hotspot\share\prims\jni.cpp, line 520]
Event: 477.027 Thread 0x00000259de78a240 Exception <a 'java/lang/NoClassDefFoundError'{0x00000005aaa99a70}: org/flywaydb/core/Flyway> (0x00000005aaa99a70) 
thrown [s\open\src\hotspot\share\oops\constantPool.cpp, line 873]
Event: 477.027 Thread 0x00000259de78a240 Exception <a 'java/lang/NoClassDefFoundError'{0x00000005aaa9a0d0}: liquibase/integration/spring/SpringLiquibase> (0x00000005aaa9a0d0) 
thrown [s\open\src\hotspot\share\oops\constantPool.cpp, line 873]
Event: 477.034 Thread 0x00000259de78a240 Exception <a 'java/lang/NoClassDefFoundError'{0x00000005aab09d60}: org/jooq/DSLContext> (0x00000005aab09d60) 
thrown [s\open\src\hotspot\share\oops\constantPool.cpp, line 873]
Event: 477.035 Thread 0x00000259de78a240 Exception <a 'java/lang/NoClassDefFoundError'{0x00000005aab182d0}: org/springframework/batch/core/repository/JobRepository> (0x00000005aab182d0) 
thrown [s\open\src\hotspot\share\oops\constantPool.cpp, line 873]
Event: 477.035 Thread 0x00000259de78a240 Exception <a 'java/lang/NoClassDefFoundError'{0x00000005aab18928}: org/quartz/Scheduler> (0x00000005aab18928) 
thrown [s\open\src\hotspot\share\oops\constantPool.cpp, line 873]
Event: 477.035 Thread 0x00000259de78a240 Exception <a 'java/lang/NoClassDefFoundError'{0x00000005aab18fa8}: org/springframework/session/jdbc/JdbcIndexedSessionRepository> (0x00000005aab18fa8) 
thrown [s\open\src\hotspot\share\oops\constantPool.cpp, line 873]
Event: 477.163 Thread 0x00000259de78a240 Exception <a 'java/io/FileNotFoundException'{0x00000005a7c883f8}> (0x00000005a7c883f8) 
thrown [s\open\src\hotspot\share\prims\jni.cpp, line 520]
Event: 495.852 Thread 0x00000259de7860a0 Exception <a 'java/lang/InterruptedException'{0x00000005aab4f8e0}: sleep interrupted> (0x00000005aab4f8e0) 
thrown [s\open\src\hotspot\share\prims\jvm.cpp, line 3074]
Event: 495.992 Thread 0x00000259df97a810 Exception <a 'sun/nio/fs/WindowsException'{0x00000005aa887500}> (0x00000005aa887500) 
thrown [s\open\src\hotspot\share\prims\jni.cpp, line 520]
Event: 496.462 Thread 0x00000259df97a810 Exception <a 'java/lang/NoClassDefFoundError'{0x000000058732edc0}: org/flywaydb/core/Flyway> (0x000000058732edc0) 
thrown [s\open\src\hotspot\share\oops\constantPool.cpp, line 873]
Event: 496.462 Thread 0x00000259df97a810 Exception <a 'java/lang/NoClassDefFoundError'{0x000000058732f420}: liquibase/integration/spring/SpringLiquibase> (0x000000058732f420) 
thrown [s\open\src\hotspot\share\oops\constantPool.cpp, line 873]
Event: 496.470 Thread 0x00000259df97a810 Exception <a 'java/lang/NoClassDefFoundError'{0x000000058739f1a0}: org/jooq/DSLContext> (0x000000058739f1a0) 
thrown [s\open\src\hotspot\share\oops\constantPool.cpp, line 873]
Event: 496.471 Thread 0x00000259df97a810 Exception <a 'java/lang/NoClassDefFoundError'{0x00000005873ad728}: org/springframework/batch/core/repository/JobRepository> (0x00000005873ad728) 
thrown [s\open\src\hotspot\share\oops\constantPool.cpp, line 873]
Event: 496.471 Thread 0x00000259df97a810 Exception <a 'java/lang/NoClassDefFoundError'{0x00000005873add80}: org/quartz/Scheduler> (0x00000005873add80) 
thrown [s\open\src\hotspot\share\oops\constantPool.cpp, line 873]
Event: 496.472 Thread 0x00000259df97a810 Exception <a 'java/lang/NoClassDefFoundError'{0x00000005873ae400}: org/springframework/session/jdbc/JdbcIndexedSessionRepository> (0x00000005873ae400) 
thrown [s\open\src\hotspot\share\oops\constantPool.cpp, line 873]
Event: 496.611 Thread 0x00000259df97a810 Exception <a 'java/io/FileNotFoundException'{0x0000000586d539c0}> (0x0000000586d539c0) 
thrown [s\open\src\hotspot\share\prims\jni.cpp, line 520]
Event: 498.932 Thread 0x00000259df97aea0 Exception <a 'java/lang/InterruptedException'{0x0000000587a01748}: sleep interrupted> (0x0000000587a01748) 
thrown [s\open\src\hotspot\share\prims\jvm.cpp, line 3074]

ZGC Phase Switch (0 events):
No events

VM Operations (20 events):
Event: 476.968 Executing VM operation: G1CollectForAllocation (G1 Evacuation Pause) done
Event: 477.595 Executing VM operation: G1CollectForAllocation (G1 Evacuation Pause)
Event: 477.599 Executing VM operation: G1CollectForAllocation (G1 Evacuation Pause) done
Event: 478.065 Executing VM operation: G1CollectForAllocation (G1 Evacuation Pause)
Event: 478.070 Executing VM operation: G1CollectForAllocation (G1 Evacuation Pause) done
Event: 479.075 Executing VM operation: Cleanup
Event: 479.075 Executing VM operation: Cleanup done
Event: 481.213 Executing VM operation: HandshakeAllThreads (HandshakeForDeflation)
Event: 481.213 Executing VM operation: HandshakeAllThreads (HandshakeForDeflation) done
Event: 481.213 Executing VM operation: RendezvousGCThreads
Event: 481.213 Executing VM operation: RendezvousGCThreads done
Event: 495.854 Executing VM operation: G1CollectFull (System.gc())
Event: 495.978 Executing VM operation: G1CollectFull (System.gc()) done
Event: 496.781 Executing VM operation: G1CollectForAllocation (G1 Evacuation Pause)
Event: 496.784 Executing VM operation: G1CollectForAllocation (G1 Evacuation Pause) done
Event: 497.295 Executing VM operation: G1CollectForAllocation (G1 Evacuation Pause)
Event: 497.299 Executing VM operation: G1CollectForAllocation (G1 Evacuation Pause) done
Event: 498.304 Executing VM operation: Cleanup
Event: 498.304 Executing VM operation: Cleanup done
Event: 498.932 Executing VM operation: G1CollectFull (System.gc())

Events (20 events):
Event: 498.991 Thread 0x0000025994d05390 flushing nmethod 0x00000259fdafcb90
Event: 498.991 Thread 0x0000025994d05390 flushing nmethod 0x00000259fdafce90
Event: 498.991 Thread 0x0000025994d05390 flushing nmethod 0x00000259fdafd190
Event: 498.991 Thread 0x0000025994d05390 flushing nmethod 0x00000259fdafd490
Event: 498.991 Thread 0x0000025994d05390 flushing nmethod 0x00000259fdafdf90
Event: 498.991 Thread 0x0000025994d05390 flushing nmethod 0x00000259fdb00e10
Event: 498.991 Thread 0x0000025994d05390 flushing nmethod 0x00000259fdb01110
Event: 498.991 Thread 0x0000025994d05390 flushing nmethod 0x00000259fdb01410
Event: 498.991 Thread 0x0000025994d05390 flushing nmethod 0x00000259fdb01710
Event: 498.991 Thread 0x0000025994d05390 flushing nmethod 0x00000259fdb01a10
Event: 498.991 Thread 0x0000025994d05390 flushing nmethod 0x00000259fdb2c990
Event: 498.991 Thread 0x0000025994d05390 flushing nmethod 0x00000259fdb2d290
Event: 498.991 Thread 0x0000025994d05390 flushing nmethod 0x00000259fdb71610
Event: 498.991 Thread 0x0000025994d05390 flushing nmethod 0x00000259fdb73d90
Event: 498.991 Thread 0x0000025994d05390 flushing nmethod 0x00000259fdb9f610
Event: 498.991 Thread 0x0000025994d05390 flushing nmethod 0x00000259fdbb0b10
Event: 498.991 Thread 0x0000025994d05390 flushing nmethod 0x00000259fdbb5690
Event: 498.991 Thread 0x0000025994d05390 flushing nmethod 0x00000259fdbd7110
Event: 498.991 Thread 0x0000025994d05390 flushing nmethod 0x00000259fdbe7110
Event: 498.991 Thread 0x0000025994d05390 flushing nmethod 0x00000259fdbe8810


Dynamic libraries:
0x00007ff6f60d0000 - 0x00007ff6f60e0000 	C:\Program Files\Java\jdk-21\bin\java.exe
0x00007ffb43250000 - 0x00007ffb43467000 	C:\Windows\SYSTEM32\ntdll.dll
0x00007ffb422c0000 - 0x00007ffb42384000 	C:\Windows\System32\KERNEL32.DLL
0x00007ffb40b10000 - 0x00007ffb40ebd000 	C:\Windows\System32\KERNELBASE.dll
0x00007ffb409f0000 - 0x00007ffb40b01000 	C:\Windows\System32\ucrtbase.dll
0x00007ffb30120000 - 0x00007ffb3013b000 	C:\Program Files\Java\jdk-21\bin\VCRUNTIME140.dll
0x00007ffb22d40000 - 0x00007ffb22d59000 	C:\Program Files\Java\jdk-21\bin\jli.dll
0x00007ffb41250000 - 0x00007ffb41302000 	C:\Windows\System32\ADVAPI32.dll
0x00007ffb428a0000 - 0x00007ffb42947000 	C:\Windows\System32\msvcrt.dll
0x00007ffb42210000 - 0x00007ffb422b9000 	C:\Windows\System32\sechost.dll
0x00007ffb408d0000 - 0x00007ffb408f8000 	C:\Windows\System32\bcrypt.dll
0x00007ffb41eb0000 - 0x00007ffb41fc4000 	C:\Windows\System32\RPCRT4.dll
0x00007ffb42a90000 - 0x00007ffb42c3e000 	C:\Windows\System32\USER32.dll
0x00007ffb40690000 - 0x00007ffb406b6000 	C:\Windows\System32\win32u.dll
0x00007ffb28d60000 - 0x00007ffb28ff3000 	C:\Windows\WinSxS\amd64_microsoft.windows.common-controls_6595b64144ccf1df_6.0.22621.3672_none_2713b9d173822955\COMCTL32.dll
0x00007ffb410c0000 - 0x00007ffb410e9000 	C:\Windows\System32\GDI32.dll
0x00007ffb40570000 - 0x00007ffb40689000 	C:\Windows\System32\gdi32full.dll
0x00007ffb40830000 - 0x00007ffb408ca000 	C:\Windows\System32\msvcp_win.dll
0x00007ffb38f30000 - 0x00007ffb38f3a000 	C:\Windows\SYSTEM32\VERSION.dll
0x00007ffb421c0000 - 0x00007ffb421f1000 	C:\Windows\System32\IMM32.DLL
0x00007ffb30160000 - 0x00007ffb3016c000 	C:\Program Files\Java\jdk-21\bin\vcruntime140_1.dll
0x00007ffb0be60000 - 0x00007ffb0beee000 	C:\Program Files\Java\jdk-21\bin\msvcp140.dll
0x00007ffaa23e0000 - 0x00007ffaa30f3000 	C:\Program Files\Java\jdk-21\bin\server\jvm.dll
0x00007ffb40f80000 - 0x00007ffb40ff1000 	C:\Windows\System32\WS2_32.dll
0x00007ffb40000000 - 0x00007ffb4004d000 	C:\Windows\SYSTEM32\POWRPROF.dll
0x00007ffb32d00000 - 0x00007ffb32d34000 	C:\Windows\SYSTEM32\WINMM.dll
0x00007ffb3fe80000 - 0x00007ffb3fe93000 	C:\Windows\SYSTEM32\UMPDC.dll
0x00007ffb3f580000 - 0x00007ffb3f598000 	C:\Windows\SYSTEM32\kernel.appcore.dll
0x00007ffb30110000 - 0x00007ffb3011a000 	C:\Program Files\Java\jdk-21\bin\jimage.dll
0x00007ffb32d40000 - 0x00007ffb32f72000 	C:\Windows\SYSTEM32\DBGHELP.DLL
0x00007ffb42e80000 - 0x00007ffb4320e000 	C:\Windows\System32\combase.dll
0x00007ffb429b0000 - 0x00007ffb42a87000 	C:\Windows\System32\OLEAUT32.dll
0x00007ffb217a0000 - 0x00007ffb217d2000 	C:\Windows\SYSTEM32\dbgcore.DLL
0x00007ffb40900000 - 0x00007ffb4097b000 	C:\Windows\System32\bcryptPrimitives.dll
0x00007ffb22d30000 - 0x00007ffb22d3f000 	C:\Program Files\Java\jdk-21\bin\instrument.dll
0x00007ffb0be40000 - 0x00007ffb0be5f000 	C:\Program Files\Java\jdk-21\bin\java.dll
0x00007ffb41490000 - 0x00007ffb41cf7000 	C:\Windows\System32\SHELL32.dll
0x00007ffb3e4a0000 - 0x00007ffb3ed9f000 	C:\Windows\SYSTEM32\windows.storage.dll
0x00007ffb3e360000 - 0x00007ffb3e49f000 	C:\Windows\SYSTEM32\wintypes.dll
0x00007ffb41fe0000 - 0x00007ffb420d9000 	C:\Windows\System32\SHCORE.dll
0x00007ffb41060000 - 0x00007ffb410be000 	C:\Windows\System32\shlwapi.dll
0x00007ffb404a0000 - 0x00007ffb404c7000 	C:\Windows\SYSTEM32\profapi.dll
0x00007ffb02ee0000 - 0x00007ffb02ef8000 	C:\Program Files\Java\jdk-21\bin\zip.dll
0x00007ffb22d20000 - 0x00007ffb22d30000 	C:\Program Files\Java\jdk-21\bin\net.dll
0x00007ffb3d230000 - 0x00007ffb3d366000 	C:\Windows\SYSTEM32\WINHTTP.dll
0x00007ffb3f9e0000 - 0x00007ffb3fa49000 	C:\Windows\system32\mswsock.dll
0x00007ffb0be20000 - 0x00007ffb0be36000 	C:\Program Files\Java\jdk-21\bin\nio.dll
0x00007ffb02ec0000 - 0x00007ffb02eda000 	C:\Program Files\JetBrains\IntelliJ IDEA 2024.2.3\bin\breakgen64.dll
0x00007ffb22bb0000 - 0x00007ffb22bb9000 	C:\Program Files\Java\jdk-21\bin\extnet.dll
0x00007ffb3f070000 - 0x00007ffb3f168000 	C:\Windows\SYSTEM32\DNSAPI.dll
0x00007ffb3f000000 - 0x00007ffb3f02d000 	C:\Windows\SYSTEM32\IPHLPAPI.DLL
0x00007ffb420e0000 - 0x00007ffb420e9000 	C:\Windows\System32\NSI.dll
0x00007ffb39d30000 - 0x00007ffb39d3a000 	C:\Windows\System32\rasadhlp.dll
0x00007ffb3b6e0000 - 0x00007ffb3b763000 	C:\Windows\System32\fwpuclnt.dll
0x00007ffb1fe80000 - 0x00007ffb1fe8a000 	C:\Program Files\Java\jdk-21\bin\management.dll
0x00007ffb1dcb0000 - 0x00007ffb1dcbb000 	C:\Program Files\Java\jdk-21\bin\management_ext.dll
0x00007ffb42200000 - 0x00007ffb42208000 	C:\Windows\System32\PSAPI.DLL
0x00007ffb3fd30000 - 0x00007ffb3fd4b000 	C:\Windows\SYSTEM32\CRYPTSP.dll
0x00007ffb3f4e0000 - 0x00007ffb3f515000 	C:\Windows\system32\rsaenh.dll
0x00007ffb3fa80000 - 0x00007ffb3faa8000 	C:\Windows\SYSTEM32\USERENV.dll
0x00007ffb3fd10000 - 0x00007ffb3fd1c000 	C:\Windows\SYSTEM32\CRYPTBASE.dll
0x00007ffad3e20000 - 0x00007ffad3e37000 	C:\Windows\system32\napinsp.dll
0x00007ffad3e00000 - 0x00007ffad3e1b000 	C:\Windows\system32\pnrpnsp.dll
0x00007ffad3de0000 - 0x00007ffad3df1000 	C:\Windows\System32\winrnr.dll
0x00007ffb28830000 - 0x00007ffb28845000 	C:\Windows\system32\wshbth.dll
0x00007ffad3e40000 - 0x00007ffad3e67000 	C:\Windows\system32\nlansp_c.dll
0x00007ffb0fc90000 - 0x00007ffb0fc9e000 	C:\Program Files\Java\jdk-21\bin\sunmscapi.dll
0x00007ffb406c0000 - 0x00007ffb40826000 	C:\Windows\System32\CRYPT32.dll
0x00007ffb3fee0000 - 0x00007ffb3ff0e000 	C:\Windows\SYSTEM32\ncrypt.dll
0x00007ffb3fea0000 - 0x00007ffb3fed7000 	C:\Windows\SYSTEM32\NTASN1.dll
0x00007ffb0be10000 - 0x00007ffb0be20000 	C:\Program Files\Java\jdk-21\bin\verify.dll
0x00007ffad40c0000 - 0x00007ffad40c8000 	C:\Windows\system32\wshunix.dll

dbghelp: loaded successfully - version: 4.0.5 - missing functions: none
symbol engine: initialized successfully - sym options: 0x614 - pdb path: .;C:\Program Files\Java\jdk-21\bin;C:\Windows\SYSTEM32;C:\Windows\WinSxS\amd64_microsoft.windows.common-controls_6595b64144ccf1df_6.0.22621.3672_none_2713b9d173822955;C:\Program Files\Java\jdk-21\bin\server;C:\Program Files\JetBrains\IntelliJ IDEA 2024.2.3\bin

VM Arguments:
jvm_args: -XX:TieredStopAtLevel=1 -Dspring.output.ansi.enabled=always -Dcom.sun.management.jmxremote -Dspring.jmx.enabled=true -Dspring.liveBeansView.mbeanDomain -Dspring.application.admin.enabled=true -Dmanagement.endpoints.jmx.exposure.include=* -javaagent:C:\Program Files\JetBrains\IntelliJ IDEA 2024.2.3\lib\idea_rt.jar=59705:C:\Program Files\JetBrains\IntelliJ IDEA 2024.2.3\bin -Dfile.encoding=UTF-8 -Dsun.stdout.encoding=UTF-8 -Dsun.stderr.encoding=UTF-8 
java_command: com.example.trabalho_frameworks.TrabalhoFrameworksApplication
java_class_path (initial): C:\Users\wallg\IdeaProjects\Trabalho_Frameworks\target\classes;C:\Users\wallg\.m2\repository\org\springframework\boot\spring-boot-starter-data-jpa\3.3.4\spring-boot-starter-data-jpa-3.3.4.jar;C:\Users\wallg\.m2\repository\org\springframework\boot\spring-boot-starter-aop\3.3.4\spring-boot-starter-aop-3.3.4.jar;C:\Users\wallg\.m2\repository\org\aspectj\aspectjweaver\1.9.22.1\aspectjweaver-1.9.22.1.jar;C:\Users\wallg\.m2\repository\org\springframework\boot\spring-boot-starter-jdbc\3.3.4\spring-boot-starter-jdbc-3.3.4.jar;C:\Users\wallg\.m2\repository\com\zaxxer\HikariCP\5.1.0\HikariCP-5.1.0.jar;C:\Users\wallg\.m2\repository\org\springframework\spring-jdbc\6.1.13\spring-jdbc-6.1.13.jar;C:\Users\wallg\.m2\repository\org\hibernate\orm\hibernate-core\6.5.3.Final\hibernate-core-6.5.3.Final.jar;C:\Users\wallg\.m2\repository\jakarta\persistence\jakarta.persistence-api\3.1.0\jakarta.persistence-api-3.1.0.jar;C:\Users\wallg\.m2\repository\jakarta\transaction\jakarta.transaction-api\2.0.1\jakarta.transaction-api-2.0.1.jar;C:\Users\wallg\.m2\repository\org\jboss\logging\jboss-logging\3.5.3.Final\jboss-logging-3.5.3.Final.jar;C:\Users\wallg\.m2\repository\org\hibernate\common\hibernate-commons-annotations\6.0.6.Final\hibernate-commons-annotations-6.0.6.Final.jar;C:\Users\wallg\.m2\repository\io\smallrye\jandex\3.1.2\jandex-3.1.2.jar;C:\Users\wallg\.m2\repository\com\fasterxml\classmate\1.7.0\classmate-1.7.0.jar;C:\Users\wallg\.m2\repository\net\bytebuddy\byte-buddy\1.14.19\byte-buddy-1.14.19.jar;C:\Users\wallg\.m2\repository\org\glassfish\jaxb\jaxb-runtime\4.0.5\jaxb-runtime-4.0.5.jar;C:\Users\wallg\.m2\repository\org\glassfish\jaxb\jaxb-core\4.0.5\jaxb-core-4.0.5.jar;C:\Users\wallg\.m2\repository\org\eclipse\angus\angus-activation\2.0.2\angus-activation-2.0.2.jar;C:\Users\wallg\.m2\repository\org\glassfish\jaxb\txw2\4.0.5\txw2-4.0.5.jar;C:\Users\wallg\.m2\repository\com\sun\istack\istack-commons-runtime\4.1.2\istack-commons-runtime-4.1.2.jar;C:\Users\wallg\.m2\repository\jakarta\inject\jakarta.inject-api\2.0.1\jakarta.inject-api-2.0.1.jar;C:\Users\wallg\.m2\repository\org\antlr\antlr4-runtime\4.13.0\antlr4-runtime-4.13.0.jar;C:\Users\wallg\.m2\repository\org\springframework\data\spring-data-jpa\3.3.4\spring-data-jpa-3.3.4.jar;C:\Users\wallg\.m2\repository\org\springframework\data\spring-data-commons\3.3.4\spring-data-commons-3.3.4.jar;C:\Users\wallg\.m2\repository\org\springframework\spring-orm\6.1.13\spring-orm-6.1.13.jar;C:\Users\wallg\.m2\repository\org\springframework\spring-context\6.1.13\spring-context-6.1.13.jar;C:\Users\wallg\.m2\repository\org\springframework\spring-tx\6.1.13\spring-tx-6.1.13.jar;C:\Users\wallg\.m2\repository\org\springframework\spring-beans\6.1.13\spring-beans-6.1.13.jar;C:\Users\wallg\.m2\repository\jakarta\annotation\jakarta.annotation-api\2.1.1\jakarta.annotation-api-2.1.1.jar;C:\Users\wallg\.m2\repository\org\slf4j\slf4j-api\2.0.16\slf4j-api-2.0.16.jar;C:\Users\wallg\.m2\repository\org\springframework\spring-aspects\6.1.13\spring-aspects-6.1.13.jar;C:\Users\wallg\.m2\repository\org\springframework\boot\spring-boot-starter-web\3.3.4\spring-boot-starter-web-3.3.4.jar;C:\Users\wallg\.m2\repository\org\springframework\boot\spring-boot-starter\3.3.4\spring-boot-starter-3.3.4.jar;C:\Users\wallg\.m2\repository\org\springframework\boot\spring-boot-starter-logging\3.3.4\spring-boot-starter-logging-3.3.4.jar;C:\Users\wallg\.m2\repository\ch\qos\logback\logback-classic\1.5.8\logback-classic-1.5.8.jar;C:\Users\wallg\.m2\repository\ch\qos\logback\logback-core\1.5.8\logback-core-1.5.8.jar;C:\Users\wallg\.m2\repository\org\apache\logging\log4j\log4j-to-slf4j\2.23.1\log4j-to-slf4j-2.23.1.jar;C:\Users\wallg\.m2\repository\org\apache\logging\log4j\log4j-api\2.23.1\log4j-api-2.23.1.jar;C:\Users\wallg\.m2\repository\org\slf4j\jul-to-slf4j\2.0.16\jul-to-slf4j-2.0.16.jar;C:\Users\wallg\.m2\repository\org\yaml\snakeyaml\2.2\snakeyaml-2.2.jar;C:\Users\wallg\.m2\repository\org\springframework\boot\spring-boot-starter-json\3.3.4\spring-boot-starter-json-3.3.4.jar;C:\Users\wallg\.m2\repository\com\fasterxml\jackson\core\jackson-databind\2.17.2\jackson-databind-2.17.2.jar;C:\Users\wallg\.m2\repository\com\fasterxml\jackson\core\jackson-annotations\2.17.2\jackson-annotations-2.17.2.jar;C:\Users\wallg\.m2\repository\com\fasterxml\jackson\core\jackson-core\2.17.2\jackson-core-2.17.2.jar;C:\Users\wallg\.m2\repository\com\fasterxml\jackson\datatype\jackson-datatype-jdk8\2.17.2\jackson-datatype-jdk8-2.17.2.jar;C:\Users\wallg\.m2\repository\com\fasterxml\jackson\datatype\jackson-datatype-jsr310\2.17.2\jackson-datatype-jsr310-2.17.2.jar;C:\Users\wallg\.m2\repository\com\fasterxml\jackson\module\jackson-module-parameter-names\2.17.2\jackson-module-parameter-names-2.17.2.jar;C:\Users\wallg\.m2\repository\org\springframework\boot\spring-boot-starter-tomcat\3.3.4\spring-boot-starter-tomcat-3.3.4.jar;C:\Users\wallg\.m2\repository\org\apache\tomcat\embed\tomcat-embed-core\10.1.30\tomcat-embed-core-10.1.30.jar;C:\Users\wallg\.m2\repository\org\apache\tomcat\embed\tomcat-embed-el\10.1.30\tomcat-embed-el-10.1.30.jar;C:\Users\wallg\.m2\repository\org\apache\tomcat\embed\tomcat-embed-websocket\10.1.30\tomcat-embed-websocket-10.1.30.jar;C:\Users\wallg\.m2\repository\org\springframework\spring-web\6.1.13\spring-web-6.1.13.jar;C:\Users\wallg\.m2\repository\io\micrometer\micrometer-observation\1.13.4\micrometer-observation-1.13.4.jar;C:\Users\wallg\.m2\repository\io\micrometer\micrometer-commons\1.13.4\micrometer-commons-1.13.4.jar;C:\Users\wallg\.m2\repository\org\springframework\spring-webmvc\6.1.13\spring-webmvc-6.1.13.jar;C:\Users\wallg\.m2\repository\org\springframework\spring-expression\6.1.13\spring-expression-6.1.13.jar;C:\Users\wallg\.m2\repository\org\springframework\boot\spring-boot-devtools\3.3.4\spring-boot-devtools-3.3.4.jar;C:\Users\wallg\.m2\repository\org\springframework\boot\spring-boot\3.3.4\spring-boot-3.3.4.jar;C:\Users\wallg\.m2\repository\org\springframework\boot\spring-boot-autoconfigure\3.3.4\spring-boot-autoconfigure-3.3.4.jar;C:\Users\wallg\.m2\repository\org\postgresql\postgresql\42.7.4\postgresql-42.7.4.jar;C:\Users\wallg\.m2\repository\org\checkerframework\checker-qual\3.42.0\checker-qual-3.42.0.jar;C:\Users\wallg\.m2\repository\org\projectlombok\lombok\1.18.34\lombok-1.18.34.jar;C:\Users\wallg\.m2\repository\jakarta\xml\bind\jakarta.xml.bind-api\4.0.2\jakarta.xml.bind-api-4.0.2.jar;C:\Users\wallg\.m2\repository\jakarta\activation\jakarta.activation-api\2.1.3\jakarta.activation-api-2.1.3.jar;C:\Users\wallg\.m2\repository\org\springframework\spring-core\6.1.13\spring-core-6.1.13.jar;C:\Users\wallg\.m2\repository\org\springframework\spring-jcl\6.1.13\spring-jcl-6.1.13.jar;C:\Users\wallg\.m2\repository\org\springframework\boot\spring-boot-starter-security\3.3.4\spring-boot-starter-security-3.3.4.jar;C:\Users\wallg\.m2\repository\org\springframework\spring-aop\6.1.13\spring-aop-6.1.13.jar;C:\Users\wallg\.m2\repository\org\springframework\security\spring-security-config\6.3.3\spring-security-config-6.3.3.jar;C:\Users\wallg\.m2\repository\org\springframework\security\spring-security-core\6.3.3\spring-security-core-6.3.3.jar;C:\Users\wallg\.m2\repository\org\springframework\security\spring-security-crypto\6.3.3\spring-security-crypto-6.3.3.jar;C:\Users\wallg\.m2\repository\org\springframework\security\spring-security-web\6.3.3\spring-security-web-6.3.3.jar
Launcher Type: SUN_STANDARD

[Global flags]
     intx CICompilerCount                          = 4                                         {product} {ergonomic}
     uint ConcGCThreads                            = 2                                         {product} {ergonomic}
     uint G1ConcRefinementThreads                  = 8                                         {product} {ergonomic}
   size_t G1HeapRegionSize                         = 8388608                                   {product} {ergonomic}
    uintx GCDrainStackTargetSize                   = 64                                        {product} {ergonomic}
   size_t InitialHeapSize                          = 671088640                                 {product} {ergonomic}
     bool ManagementServer                         = true                                      {product} {command line}
   size_t MarkStackSize                            = 4194304                                   {product} {ergonomic}
   size_t MaxHeapSize                              = 10687086592                               {product} {ergonomic}
   size_t MaxNewSize                               = 6408896512                                {product} {ergonomic}
   size_t MinHeapDeltaBytes                        = 8388608                                   {product} {ergonomic}
   size_t MinHeapSize                              = 8388608                                   {product} {ergonomic}
    uintx NonNMethodCodeHeapSize                   = 4096                                   {pd product} {ergonomic}
    uintx NonProfiledCodeHeapSize                  = 0                                      {pd product} {ergonomic}
     bool ProfileInterpreter                       = false                                  {pd product} {command line}
    uintx ProfiledCodeHeapSize                     = 0                                      {pd product} {ergonomic}
   size_t SoftMaxHeapSize                          = 10687086592                            {manageable} {ergonomic}
     intx TieredStopAtLevel                        = 1                                         {product} {command line}
     bool UseCompressedOops                        = true                           {product lp64_product} {ergonomic}
     bool UseG1GC                                  = true                                      {product} {ergonomic}
     bool UseLargePagesIndividualAllocation        = false                                  {pd product} {ergonomic}

Logging:
Log output configuration:
 #0: stdout all=warning uptime,level,tags foldmultilines=false
 #1: stderr all=off uptime,level,tags foldmultilines=false

Environment Variables:
PATH=C:\Program Files\Common Files\Oracle\Java\javapath;C:\Windows\system32;C:\Windows;C:\Windows\System32\Wbem;C:\Windows\System32\WindowsPowerShell\v1.0\;C:\Windows\System32\OpenSSH\;C:\Program Files\nodejs\;C:\Program Files\Git\cmd;C:\Program Files\Docker\Docker\resources\bin;C:\Users\wallg\AppData\Local\Microsoft\WindowsApps;C:\Users\wallg\AppData\Local\Programs\Microsoft VS Code\bin;C:\Users\wallg\AppData\Roaming\npm;C:\Users\wallg\AppData\Local\GitHubDesktop\bin;C:\Program Files\JetBrains\IntelliJ IDEA 2024.2.3\bin;
USERNAME=wallg
OS=Windows_NT
PROCESSOR_IDENTIFIER=AMD64 Family 23 Model 96 Stepping 1, AuthenticAMD
TMP=C:\Users\wallg\AppData\Local\Temp
TEMP=C:\Users\wallg\AppData\Local\Temp




Periodic native trim disabled

---------------  S Y S T E M  ---------------

OS:
 Windows 11 , 64 bit Build 22621 (10.0.22621.3958)
OS uptime: 0 days 7:51 hours
Hyper-V role detected

CPU: total 8 (initial active 8) (8 cores per cpu, 2 threads per core) family 23 model 96 stepping 1 microcode 0x0, cx8, cmov, fxsr, ht, mmx, 3dnowpref, sse, sse2, sse3, ssse3, sse4a, sse4.1, sse4.2, popcnt, lzcnt, tsc, tscinvbit, avx, avx2, aes, clmul, bmi1, bmi2, adx, sha, fma, vzeroupper, clflush, clflushopt, hv, rdtscp, rdpid, f16c
Processor Information for all 8 processors :
  Max Mhz: 3801, Current Mhz: 3801, Mhz Limit: 3801

Memory: 4k page, system-wide physical 40755M (23281M free)
TotalPageFile size 43315M (AvailPageFile size 14755M)
current process WorkingSet (physical memory assigned to process): 269M, peak: 269M
current process commit charge ("private bytes"): 311M, peak: 771M

vm_info: Java HotSpot(TM) 64-Bit Server VM (21.0.4+8-LTS-274) for windows-amd64 JRE (21.0.4+8-LTS-274), built on 2024-06-05T05:23:33Z by "mach5one" with MS VC++ 17.6 (VS2022)

END.
