#
# A fatal error has been detected by the Java Runtime Environment:
#
#  EXCEPTION_ACCESS_VIOLATION (0xc0000005) at pc=0x00007ffa72c7da81, pid=17868, tid=21164
#
# JRE version: Java(TM) SE Runtime Environment (21.0.4+8) (build 21.0.4+8-LTS-274)
# Java VM: Java HotSpot(TM) 64-Bit Server VM (21.0.4+8-LTS-274, mixed mode, emulated-client, sharing, tiered, compressed oops, compressed class ptrs, g1 gc, windows-amd64)
# Problematic frame:
# V  [jvm.dll+0x26da81]
#
# No core dump will be written. Minidumps are not enabled by default on client versions of Windows
#
# If you would like to submit a bug report, please visit:
#   https://bugreport.java.com/bugreport/crash.jsp
#

---------------  S U M M A R Y ------------

Command Line: -XX:TieredStopAtLevel=1 -Dspring.output.ansi.enabled=always -Dcom.sun.management.jmxremote -Dspring.jmx.enabled=true -Dspring.liveBeansView.mbeanDomain -Dspring.application.admin.enabled=true -Dmanagement.endpoints.jmx.exposure.include=* -javaagent:C:\Program Files\JetBrains\IntelliJ IDEA 2024.2.3\lib\idea_rt.jar=55142:C:\Program Files\JetBrains\IntelliJ IDEA 2024.2.3\bin -Dfile.encoding=UTF-8 -Dsun.stdout.encoding=UTF-8 -Dsun.stderr.encoding=UTF-8 com.example.trabalho_frameworks.TrabalhoFrameworksApplication

Host: AMD Ryzen 3 4100 4-Core Processor              , 8 cores, 39G,  Windows 11 , 64 bit Build 22621 (10.0.22621.3958)
Time: Sun Sep 29 21:02:28 2024 Hora oficial do Brasil elapsed time: 22.066778 seconds (0d 0h 0m 22s)

---------------  T H R E A D  ---------------

Current thread (0x000001e6062d2b80):  JavaThread "http-nio-8080-exec-3" daemon [_thread_in_vm, id=21164, stack(0x0000001c13e00000,0x0000001c13f00000) (1024K)]

Stack: [0x0000001c13e00000,0x0000001c13f00000],  sp=0x0000001c13efe268,  free space=1016k
Native frames: (J=compiled Java code, j=interpreted, Vv=VM code, C=native code)
V  [jvm.dll+0x26da81]

Java frames: (J=compiled Java code, j=interpreted, Vv=VM code)
j  java.lang.NullPointerException.getExtendedNPEMessage()Ljava/lang/String;+0 java.base@21.0.4
j  java.lang.NullPointerException.getMessage()Ljava/lang/String;+23 java.base@21.0.4
j  ch.qos.logback.classic.spi.ThrowableProxy.<init>(Ljava/lang/Throwable;Ljava/util/Set;)V+34
j  ch.qos.logback.classic.spi.ThrowableProxy.<init>(Ljava/lang/Throwable;)V+12
j  ch.qos.logback.classic.spi.LoggingEvent.<init>(Ljava/lang/String;Lch/qos/logback/classic/Logger;Lch/qos/logback/classic/Level;Ljava/lang/String;Ljava/lang/Throwable;[Ljava/lang/Object;)V+124
j  ch.qos.logback.classic.Logger.buildLoggingEventAndAppend(Ljava/lang/String;Lorg/slf4j/Marker;Lch/qos/logback/classic/Level;Ljava/lang/String;[Ljava/lang/Object;Ljava/lang/Throwable;)V+13
j  ch.qos.logback.classic.Logger.filterAndLog_0_Or3Plus(Ljava/lang/String;Lorg/slf4j/Marker;Lch/qos/logback/classic/Level;Ljava/lang/String;[Ljava/lang/Object;Ljava/lang/Throwable;)V+57
j  ch.qos.logback.classic.Logger.log(Lorg/slf4j/Marker;Ljava/lang/String;ILjava/lang/String;[Ljava/lang/Object;Ljava/lang/Throwable;)V+17
j  org.slf4j.bridge.SLF4JBridgeHandler.callLocationAwareLogger(Lorg/slf4j/spi/LocationAwareLogger;Ljava/util/logging/LogRecord;)V+88
j  org.slf4j.bridge.SLF4JBridgeHandler.publish(Ljava/util/logging/LogRecord;)V+37
j  java.util.logging.Logger.log(Ljava/util/logging/LogRecord;)V+90 java.logging@21.0.4
j  java.util.logging.Logger.doLog(Ljava/util/logging/LogRecord;)V+46 java.logging@21.0.4
j  java.util.logging.Logger.logp(Ljava/util/logging/Level;Ljava/lang/String;Ljava/lang/String;Ljava/lang/String;Ljava/lang/Throwable;)V+43 java.logging@21.0.4
j  org.apache.juli.logging.DirectJDKLog.log(Ljava/util/logging/Level;Ljava/lang/String;Ljava/lang/Throwable;)V+98
j  org.apache.juli.logging.DirectJDKLog.error(Ljava/lang/Object;Ljava/lang/Throwable;)V+9
j  org.apache.coyote.AbstractProtocol$ConnectionHandler.process(Lorg/apache/tomcat/util/net/SocketWrapperBase;Lorg/apache/tomcat/util/net/SocketEvent;)Lorg/apache/tomcat/util/net/AbstractEndpoint$Handler$SocketState;+1273
j  org.apache.tomcat.util.net.NioEndpoint$SocketProcessor.doRun()V+249
j  org.apache.tomcat.util.net.SocketProcessorBase.run()V+32
j  org.apache.tomcat.util.threads.ThreadPoolExecutor.runWorker(Lorg/apache/tomcat/util/threads/ThreadPoolExecutor$Worker;)V+92
j  org.apache.tomcat.util.threads.ThreadPoolExecutor$Worker.run()V+5
j  org.apache.tomcat.util.threads.TaskThread$WrappingRunnable.run()V+4
j  java.lang.Thread.runWith(Ljava/lang/Object;Ljava/lang/Runnable;)V+5 java.base@21.0.4
j  java.lang.Thread.run()V+19 java.base@21.0.4
v  ~StubRoutines::call_stub 0x000001e5abd2100d

siginfo: EXCEPTION_ACCESS_VIOLATION (0xc0000005), reading address 0x000001e6037953c0


Registers:
RAX=0x000001e603595ec8, RBX=0x000001e603590f28, RCX=0x00000000001ff4c0, RDX=0x000000000000ffa6
RSP=0x0000001c13efe268, RBP=0x0000001c13efe330, RSI=0x000001e603593128, RDI=0x000001e60359e908
R8 =0x00007ffa72c7da76, R9 =0x000001e603590f28, R10=0x0000000000000003, R11=0x0000001c13efe120
R12=0x000001e6057d3a90, R13=0x000001e6057d3e68, R14=0x00007ffa72a10000, R15=0x000001e6057d3a80
RIP=0x00007ffa72c7da81, EFLAGS=0x0000000000010216


Register to memory mapping:

RAX=0x000001e603595ec8 is pointing into metadata
RBX=0x000001e603590f28 is pointing into metadata
RCX=0x00000000001ff4c0 is an unknown value
RDX=0x000000000000ffa6 is an unknown value
RSP=0x0000001c13efe268 is pointing into the stack for thread: 0x000001e6062d2b80
RBP=0x0000001c13efe330 is pointing into the stack for thread: 0x000001e6062d2b80
RSI=0x000001e603593128 is pointing into metadata
RDI=0x000001e60359e908 is pointing into metadata
R8 =0x00007ffa72c7da76 jvm.dll
R9 =0x000001e603590f28 is pointing into metadata
R10=0x0000000000000003 is an unknown value
R11=0x0000001c13efe120 is pointing into the stack for thread: 0x000001e6062d2b80
R12=0x000001e6057d3a90 points into unknown readable memory: 0x0000001600000016 | 16 00 00 00 16 00 00 00
R13=0x000001e6057d3e68 points into unknown readable memory: 0x80000e0270f3c642 | 42 c6 f3 70 02 0e 00 80
R14=0x00007ffa72a10000 jvm.dll
R15=0x000001e6057d3a80 points into unknown readable memory: 0x0000000000000000 | 00 00 00 00 00 00 00 00

Top of Stack: (sp=0x0000001c13efe268)
0x0000001c13efe268:   00007ffa72c7ba2e 000001e604c796d0
0x0000001c13efe278:   00007ffa72b5885a 0000001c13efe330
0x0000001c13efe288:   0000000000000014 000001e603590f28
0x0000001c13efe298:   00007ffa72b59b4a 000001e6062d2b80
0x0000001c13efe2a8:   000001e6057d3a80 000001e603593168
0x0000001c13efe2b8:   000001e604c796d0 000001e6057d3e68
0x0000001c13efe2c8:   000001e6057d3a90 000001e6060e4eb0
0x0000001c13efe2d8:   000000000000b7e0 000001e603593168
0x0000001c13efe2e8:   00007ffa72b5993b 0000001c13efe3b0
0x0000001c13efe2f8:   000001e604c796d0 000000000000b7e0
0x0000001c13efe308:   000001e6060e4eb0 000001e500000001
0x0000001c13efe318:   000001e6048f0fd8 000001e6048f0ff0
0x0000001c13efe328:   000001e6048f0fe0 000001e6057d3a90
0x0000001c13efe338:   000001e603593168 000001010000000e
0x0000001c13efe348:   0000001c13efe4e8 000001e6062d2b80
0x0000001c13efe358:   000001e5bf6b4018 0000001c13efe4e8
0x0000001c13efe368:   00000005a7936f50 000001e6062d2b80
0x0000001c13efe378:   00007ffa72e8c543 0000001c13efe4c8
0x0000001c13efe388:   00000000000003d8 0000001c13efe4e8
0x0000001c13efe398:   0000000000000000 000001e60000b7e0
0x0000001c13efe3a8:   000001e603593168 00007ffa7343be68
0x0000001c13efe3b8:   0000000000000000 0000000000000000
0x0000001c13efe3c8:   0000000000000000 0000000000000000
0x0000001c13efe3d8:   0000000000000000 0000001c13efe3f9
0x0000001c13efe3e8:   0000000000000000 0000000000000030
0x0000001c13efe3f8:   000001e6062d0000 000001e5bf06e6f8
0x0000001c13efe408:   000001e6062d2b80 00000005a7936f40
0x0000001c13efe418:   000001e5abd2c703 000001e5bf06e6f8
0x0000001c13efe428:   000001e5bf06e6f8 000061174e842550
0x0000001c13efe438:   0000001c13efe4e8 00000005a7936f40
0x0000001c13efe448:   000001e5abd2c892 000001e5bf06e6f8
0x0000001c13efe458:   00000005a7936f50 000001e5bf06e6f8 

Instructions: (pc=0x00007ffa72c7da81)
0x00007ffa72c7d981:   48 89 44 24 20 41 b8 6b 03 00 00 eb 4b 4d 85 c0
0x00007ffa72c7d991:   74 3b 4c 8b 4c 24 30 48 8d 4c 24 38 48 8b d7 44
0x00007ffa72c7d9a1:   89 6c 24 20 e8 16 6d 09 00 48 8b 44 24 38 48 8d
0x00007ffa72c7d9b1:   15 aa d2 74 00 4c 8b cd 48 89 44 24 20 41 b8 70
0x00007ffa72c7d9c1:   03 00 00 48 8b cf e8 14 5d 09 00 eb 1d 4c 89 6c
0x00007ffa72c7d9d1:   24 20 41 b8 72 03 00 00 4c 8b cd 48 8d 15 7d d2
0x00007ffa72c7d9e1:   74 00 48 8b cf e8 85 5e 09 00 4c 39 2e 74 13 49
0x00007ffa72c7d9f1:   8b d4 48 8b cb e8 e5 77 e5 ff 48 8b ce e8 bd 77
0x00007ffa72c7da01:   e5 ff 4c 39 73 18 74 0c 48 89 73 10 4c 89 73 18
0x00007ffa72c7da11:   4c 89 7b 20 48 8b 9c 24 80 00 00 00 48 83 c4 40
0x00007ffa72c7da21:   41 5f 41 5e 41 5d 41 5c 5f 5e 5d c3 cc cc cc 41
0x00007ffa72c7da31:   81 c0 4e ff ff ff 4c 8b c9 41 83 f8 37 77 36 49
0x00007ffa72c7da41:   63 c0 48 8d 0d b6 25 d9 ff 0f b6 84 01 98 da 26
0x00007ffa72c7da51:   00 44 8b 84 81 8c da 26 00 4c 03 c1 41 ff e0 49
0x00007ffa72c7da61:   8b 41 10 f7 d2 48 63 d2 48 03 d2 48 8b 48 28 0f
0x00007ffa72c7da71:   b7 44 d1 12 c3 49 8b 41 10 48 63 ca 48 c1 e1 05
0x00007ffa72c7da81:   48 8b 4c 01 38 0f b7 c1 c3 66 90 76 da 26 00 60
0x00007ffa72c7da91:   da 26 00 76 da 26 00 00 00 00 00 00 00 00 00 01
0x00007ffa72c7daa1:   02 02 02 02 02 02 02 02 02 02 02 02 02 02 02 02
0x00007ffa72c7dab1:   02 02 02 02 02 02 02 02 02 02 02 02 02 02 02 02
0x00007ffa72c7dac1:   02 02 02 02 02 02 02 02 02 02 02 02 02 02 00 48
0x00007ffa72c7dad1:   89 5c 24 18 55 56 57 41 54 41 55 41 56 41 57 b8
0x00007ffa72c7dae1:   40 13 00 00 e8 06 46 68 00 48 2b e0 48 8b 05 f4
0x00007ffa72c7daf1:   3e 97 00 48 33 c4 48 89 84 24 30 13 00 00 65 48
0x00007ffa72c7db01:   8b 04 25 58 00 00 00 4c 8b e2 8b 15 97 a0 9f 00
0x00007ffa72c7db11:   48 8b f9 b9 70 00 00 00 48 8b 1c d0 80 3c 19 00
0x00007ffa72c7db21:   75 0a e8 08 3e 68 00 b9 70 00 00 00 b8 20 00 00
0x00007ffa72c7db31:   00 45 33 f6 41 bd ff ff ff ff 48 8b 04 18 48 8b
0x00007ffa72c7db41:   b0 18 03 00 00 48 8b 46 20 48 8b 6e 10 4c 8b 7e
0x00007ffa72c7db51:   18 48 89 44 24 38 48 8b 46 28 48 89 44 24 30 44
0x00007ffa72c7db61:   38 34 19 75 0a e8 c5 3d 68 00 b9 70 00 00 00 b8
0x00007ffa72c7db71:   20 00 00 00 48 8b 04 18 48 8b 80 98 03 00 00 48 


Stack slot to memory mapping:

stack at sp + 0 slots: 0x00007ffa72c7ba2e jvm.dll
stack at sp + 1 slots: 0x000001e604c796d0 points into unknown readable memory: 0x0000000000000002 | 02 00 00 00 00 00 00 00
stack at sp + 2 slots: 0x00007ffa72b5885a jvm.dll
stack at sp + 3 slots: 0x0000001c13efe330 is pointing into the stack for thread: 0x000001e6062d2b80
stack at sp + 4 slots: 0x0000000000000014 is an unknown value
stack at sp + 5 slots: 0x000001e603590f28 is pointing into metadata
stack at sp + 6 slots: 0x00007ffa72b59b4a jvm.dll
stack at sp + 7 slots: 0x000001e6062d2b80 is a thread


---------------  P R O C E S S  ---------------

Threads class SMR info:
_java_thread_list=0x000001e605db0830, length=34, elements={
0x000001e5bb7919f0, 0x000001e5bb792910, 0x000001e5bb7956f0, 0x000001e5bb798e60,
0x000001e5bb7998c0, 0x000001e5bb79a320, 0x000001e5bb79ad80, 0x000001e5bb75c6d0,
0x000001e5be238e50, 0x000001e5be682f50, 0x000001e5be6835c0, 0x000001e5be8ee920,
0x000001e5bed4d080, 0x000001e604394120, 0x000001e604c89290, 0x000001e604c88c00,
0x000001e604c88570, 0x000001e604c89fb0, 0x000001e604c8a640, 0x000001e6062d3210,
0x000001e6062d17d0, 0x000001e6062d5970, 0x000001e6062d38a0, 0x000001e6062d2b80,
0x000001e6062d0420, 0x000001e6062d0ab0, 0x000001e6062cf700, 0x000001e6062d6000,
0x000001e6062d45c0, 0x000001e6062d4c50, 0x000001e6062cfd90, 0x000001e6062d1e60,
0x000001e6062d1140, 0x000001e6062d3f30
}

Java Threads: ( => current thread )
  0x000001e5bb7919f0 JavaThread "Reference Handler"          daemon [_thread_blocked, id=13320, stack(0x0000001c11900000,0x0000001c11a00000) (1024K)]
  0x000001e5bb792910 JavaThread "Finalizer"                  daemon [_thread_blocked, id=17752, stack(0x0000001c11a00000,0x0000001c11b00000) (1024K)]
  0x000001e5bb7956f0 JavaThread "Signal Dispatcher"          daemon [_thread_blocked, id=15620, stack(0x0000001c11b00000,0x0000001c11c00000) (1024K)]
  0x000001e5bb798e60 JavaThread "Attach Listener"            daemon [_thread_blocked, id=20764, stack(0x0000001c11c00000,0x0000001c11d00000) (1024K)]
  0x000001e5bb7998c0 JavaThread "Service Thread"             daemon [_thread_blocked, id=18612, stack(0x0000001c11d00000,0x0000001c11e00000) (1024K)]
  0x000001e5bb79a320 JavaThread "Monitor Deflation Thread"   daemon [_thread_blocked, id=20212, stack(0x0000001c11e00000,0x0000001c11f00000) (1024K)]
  0x000001e5bb79ad80 JavaThread "C1 CompilerThread0"         daemon [_thread_blocked, id=20128, stack(0x0000001c11f00000,0x0000001c12000000) (1024K)]
  0x000001e5bb75c6d0 JavaThread "Common-Cleaner"             daemon [_thread_blocked, id=17688, stack(0x0000001c12000000,0x0000001c12100000) (1024K)]
  0x000001e5be238e50 JavaThread "C1 CompilerThread1"         daemon [_thread_blocked, id=19164, stack(0x0000001c12100000,0x0000001c12200000) (1024K)]
  0x000001e5be682f50 JavaThread "Monitor Ctrl-Break"         daemon [_thread_in_native, id=21000, stack(0x0000001c12300000,0x0000001c12400000) (1024K)]
  0x000001e5be6835c0 JavaThread "Notification Thread"        daemon [_thread_blocked, id=20600, stack(0x0000001c12400000,0x0000001c12500000) (1024K)]
  0x000001e5be8ee920 JavaThread "RMI TCP Accept-0"           daemon [_thread_in_native, id=20180, stack(0x0000001c12600000,0x0000001c12700000) (1024K)]
  0x000001e5bed4d080 JavaThread "RMI TCP Connection(1)-192.168.1.9" daemon [_thread_in_native, id=9396, stack(0x0000001c13000000,0x0000001c13100000) (1024K)]
  0x000001e604394120 JavaThread "RMI Scheduler(0)"           daemon [_thread_blocked, id=21056, stack(0x0000001c13100000,0x0000001c13200000) (1024K)]
  0x000001e604c89290 JavaThread "Catalina-utility-1"                [_thread_blocked, id=11228, stack(0x0000001c13300000,0x0000001c13400000) (1024K)]
  0x000001e604c88c00 JavaThread "Catalina-utility-2"                [_thread_blocked, id=15932, stack(0x0000001c13400000,0x0000001c13500000) (1024K)]
  0x000001e604c88570 JavaThread "container-0"                       [_thread_blocked, id=16588, stack(0x0000001c13500000,0x0000001c13600000) (1024K)]
  0x000001e604c89fb0 JavaThread "PostgreSQL-JDBC-Cleaner"    daemon [_thread_blocked, id=18820, stack(0x0000001c13700000,0x0000001c13800000) (1024K)]
  0x000001e604c8a640 JavaThread "HikariPool-1 housekeeper"   daemon [_thread_blocked, id=14676, stack(0x0000001c13800000,0x0000001c13900000) (1024K)]
  0x000001e6062d3210 JavaThread "File Watcher"               daemon [_thread_blocked, id=21044, stack(0x0000001c13a00000,0x0000001c13b00000) (1024K)]
  0x000001e6062d17d0 JavaThread "Live Reload Server"         daemon [_thread_in_native, id=10860, stack(0x0000001c13c00000,0x0000001c13d00000) (1024K)]
  0x000001e6062d5970 JavaThread "http-nio-8080-exec-1"       daemon [_thread_blocked, id=17916, stack(0x0000001c13b00000,0x0000001c13c00000) (1024K)]
  0x000001e6062d38a0 JavaThread "http-nio-8080-exec-2"       daemon [_thread_blocked, id=10028, stack(0x0000001c13d00000,0x0000001c13e00000) (1024K)]
=>0x000001e6062d2b80 JavaThread "http-nio-8080-exec-3"       daemon [_thread_in_vm, id=21164, stack(0x0000001c13e00000,0x0000001c13f00000) (1024K)]
  0x000001e6062d0420 JavaThread "http-nio-8080-exec-4"       daemon [_thread_blocked, id=4672, stack(0x0000001c14000000,0x0000001c14100000) (1024K)]
  0x000001e6062d0ab0 JavaThread "http-nio-8080-exec-5"       daemon [_thread_blocked, id=13392, stack(0x0000001c14100000,0x0000001c14200000) (1024K)]
  0x000001e6062cf700 JavaThread "http-nio-8080-exec-6"       daemon [_thread_blocked, id=21016, stack(0x0000001c14200000,0x0000001c14300000) (1024K)]
  0x000001e6062d6000 JavaThread "http-nio-8080-exec-7"       daemon [_thread_blocked, id=20660, stack(0x0000001c14300000,0x0000001c14400000) (1024K)]
  0x000001e6062d45c0 JavaThread "http-nio-8080-exec-8"       daemon [_thread_blocked, id=11148, stack(0x0000001c14400000,0x0000001c14500000) (1024K)]
  0x000001e6062d4c50 JavaThread "http-nio-8080-exec-9"       daemon [_thread_blocked, id=18496, stack(0x0000001c14500000,0x0000001c14600000) (1024K)]
  0x000001e6062cfd90 JavaThread "http-nio-8080-exec-10"      daemon [_thread_blocked, id=11780, stack(0x0000001c14600000,0x0000001c14700000) (1024K)]
  0x000001e6062d1e60 JavaThread "http-nio-8080-Poller"       daemon [_thread_in_native, id=11324, stack(0x0000001c13f00000,0x0000001c14000000) (1024K)]
  0x000001e6062d1140 JavaThread "http-nio-8080-Acceptor"     daemon [_thread_in_native, id=11724, stack(0x0000001c14700000,0x0000001c14800000) (1024K)]
  0x000001e6062d3f30 JavaThread "DestroyJavaVM"                     [_thread_blocked, id=11884, stack(0x0000001c11100000,0x0000001c11200000) (1024K)]
Total: 34

Other Threads:
  0x000001e5bb772b30 VMThread "VM Thread"                           [id=21260, stack(0x0000001c11800000,0x0000001c11900000) (1024K)]
  0x000001e5bb75b720 WatcherThread "VM Periodic Task Thread"        [id=2628, stack(0x0000001c11700000,0x0000001c11800000) (1024K)]
  0x000001e5bb5e8810 WorkerThread "GC Thread#0"                     [id=7628, stack(0x0000001c11200000,0x0000001c11300000) (1024K)]
  0x000001e5bebace70 WorkerThread "GC Thread#1"                     [id=18708, stack(0x0000001c12900000,0x0000001c12a00000) (1024K)]
  0x000001e5bebff110 WorkerThread "GC Thread#2"                     [id=15628, stack(0x0000001c12a00000,0x0000001c12b00000) (1024K)]
  0x000001e5bebff4b0 WorkerThread "GC Thread#3"                     [id=13344, stack(0x0000001c12b00000,0x0000001c12c00000) (1024K)]
  0x000001e5bebd1350 WorkerThread "GC Thread#4"                     [id=524, stack(0x0000001c12c00000,0x0000001c12d00000) (1024K)]
  0x000001e5bebd16f0 WorkerThread "GC Thread#5"                     [id=5112, stack(0x0000001c12d00000,0x0000001c12e00000) (1024K)]
  0x000001e5bebd1f10 WorkerThread "GC Thread#6"                     [id=18924, stack(0x0000001c12e00000,0x0000001c12f00000) (1024K)]
  0x000001e5bec0cce0 WorkerThread "GC Thread#7"                     [id=12644, stack(0x0000001c12f00000,0x0000001c13000000) (1024K)]
  0x000001e5a39322e0 ConcurrentGCThread "G1 Main Marker"            [id=19224, stack(0x0000001c11300000,0x0000001c11400000) (1024K)]
  0x000001e5a3933490 WorkerThread "G1 Conc#0"                       [id=4544, stack(0x0000001c11400000,0x0000001c11500000) (1024K)]
  0x000001e6046cba10 WorkerThread "G1 Conc#1"                       [id=18140, stack(0x0000001c13200000,0x0000001c13300000) (1024K)]
  0x000001e5a396e6d0 ConcurrentGCThread "G1 Refine#0"               [id=15772, stack(0x0000001c11500000,0x0000001c11600000) (1024K)]
  0x000001e5bb62e300 ConcurrentGCThread "G1 Service"                [id=21460, stack(0x0000001c11600000,0x0000001c11700000) (1024K)]
Total: 15

Threads with active compile tasks:
Total: 0

VM state: not at safepoint (normal execution)

VM Mutex/Monitor currently owned by a thread: None

Heap address: 0x0000000583000000, size: 10192 MB, Compressed Oops mode: Zero based, Oop shift amount: 3

CDS archive(s) mapped at: [0x000001e5bf000000-0x000001e5bfc90000-0x000001e5bfc90000), size 13172736, SharedBaseAddress: 0x000001e5bf000000, ArchiveRelocationMode: 1.
Compressed class space mapped at: 0x000001e5c0000000-0x000001e600000000, reserved size: 1073741824
Narrow klass base: 0x000001e5bf000000, Narrow klass shift: 0, Narrow klass range: 0x100000000

GC Precious Log:
 CardTable entry size: 512
 Card Set container configuration: InlinePtr #cards 4 size 8 Array Of Cards #cards 64 size 144 Howl #buckets 8 coarsen threshold 14745 Howl Bitmap #cards 2048 size 272 coarsen threshold 1843 Card regions per heap region 1 cards per card region 16384
 CPUs: 8 total, 8 available
 Memory: 40755M
 Large Page Support: Disabled
 NUMA Support: Disabled
 Compressed Oops: Enabled (Zero based)
 Heap Region Size: 8M
 Heap Min Capacity: 8M
 Heap Initial Capacity: 640M
 Heap Max Capacity: 10192M
 Pre-touch: Disabled
 Parallel Workers: 8
 Concurrent Workers: 2
 Concurrent Refinement Workers: 8
 Periodic GC: Disabled

Heap:
 garbage-first heap   total 98304K, used 46170K [0x0000000583000000, 0x0000000800000000)
  region size 8192K, 4 young (32768K), 1 survivors (8192K)
 Metaspace       used 63926K, committed 64640K, reserved 1114112K
  class space    used 9182K, committed 9472K, reserved 1048576K

Heap Regions: E=young(eden), S=young(survivor), O=old, HS=humongous(starts), HC=humongous(continues), CS=collection set, F=free, TAMS=top-at-mark-start, PB=parsable bottom
|   0|0x0000000583000000, 0x0000000583000000, 0x0000000583800000|  0%| F|  |TAMS 0x0000000583000000| PB 0x0000000583000000| Untracked 
|   1|0x0000000583800000, 0x0000000584000000, 0x0000000584000000|100%| O|  |TAMS 0x0000000583800000| PB 0x0000000583800000| Untracked 
|   2|0x0000000584000000, 0x0000000584800000, 0x0000000584800000|100%| O|  |TAMS 0x0000000584000000| PB 0x0000000584000000| Untracked 
|   3|0x0000000584800000, 0x0000000584df9878, 0x0000000585000000| 74%| O|  |TAMS 0x0000000584800000| PB 0x0000000584800000| Untracked 
|   4|0x0000000585000000, 0x000000058571d0c0, 0x0000000585800000| 88%| S|CS|TAMS 0x0000000585000000| PB 0x0000000585000000| Complete 
|   5|0x0000000585800000, 0x0000000585800000, 0x0000000586000000|  0%| F|  |TAMS 0x0000000585800000| PB 0x0000000585800000| Untracked 
|   6|0x0000000586000000, 0x0000000586000000, 0x0000000586800000|  0%| F|  |TAMS 0x0000000586000000| PB 0x0000000586000000| Untracked 
|   7|0x0000000586800000, 0x0000000586800000, 0x0000000587000000|  0%| F|  |TAMS 0x0000000586800000| PB 0x0000000586800000| Untracked 
|   8|0x0000000587000000, 0x0000000587000000, 0x0000000587800000|  0%| F|  |TAMS 0x0000000587000000| PB 0x0000000587000000| Untracked 
|   9|0x0000000587800000, 0x0000000587b40ee8, 0x0000000588000000| 40%| E|  |TAMS 0x0000000587800000| PB 0x0000000587800000| Complete 
|  73|0x00000005a7800000, 0x00000005a8000000, 0x00000005a8000000|100%| E|CS|TAMS 0x00000005a7800000| PB 0x00000005a7800000| Complete 
|  79|0x00000005aa800000, 0x00000005ab000000, 0x00000005ab000000|100%| E|CS|TAMS 0x00000005aa800000| PB 0x00000005aa800000| Complete 

Card table byte_map: [0x000001e5b0230000,0x000001e5b1620000] _byte_map_base: 0x000001e5ad618000

Marking Bits: (CMBitMap*) 0x000001e5a3927ac0
 Bits: [0x000001e5b1620000, 0x000001e5bb560000)

Polling page: 0x000001e5a3070000

Metaspace:

Usage:
  Non-class:     53.46 MB used.
      Class:      8.97 MB used.
       Both:     62.43 MB used.

Virtual space:
  Non-class space:       64.00 MB reserved,      53.88 MB ( 84%) committed,  1 nodes.
      Class space:        1.00 GB reserved,       9.25 MB ( <1%) committed,  1 nodes.
             Both:        1.06 GB reserved,      63.12 MB (  6%) committed. 

Chunk freelists:
   Non-Class:  9.50 MB
       Class:  6.69 MB
        Both:  16.19 MB

MaxMetaspaceSize: unlimited
CompressedClassSpaceSize: 1.00 GB
Initial GC threshold: 21.00 MB
Current GC threshold: 96.50 MB
CDS: on
 - commit_granule_bytes: 65536.
 - commit_granule_words: 8192.
 - virtual_space_node_default_size: 8388608.
 - enlarge_chunks_in_place: 1.
 - use_allocation_guard: 0.


Internal statistics:

num_allocs_failed_limit: 9.
num_arena_births: 1038.
num_arena_deaths: 0.
num_vsnodes_births: 2.
num_vsnodes_deaths: 0.
num_space_committed: 1010.
num_space_uncommitted: 0.
num_chunks_returned_to_freelist: 9.
num_chunks_taken_from_freelist: 3329.
num_chunk_merges: 9.
num_chunk_splits: 2384.
num_chunks_enlarged: 1836.
num_inconsistent_stats: 0.

CodeCache: size=49152Kb used=10914Kb max_used=11935Kb free=38237Kb
 bounds [0x000001e5abd20000, 0x000001e5ac8d0000, 0x000001e5aed20000]
 total_blobs=6471 nmethods=5779 adapters=615
 compilation: enabled
              stopped_count=0, restarted_count=0
 full_count=0

Compilation events (20 events):
Event: 18.755 Thread 0x000001e5be238e50 nmethod 5840 0x000001e5abf68a90 code [0x000001e5abf68c40, 0x000001e5abf68d78]
Event: 18.755 Thread 0x000001e5bb79ad80 nmethod 5839 0x000001e5abf68690 code [0x000001e5abf68840, 0x000001e5abf689b0]
Event: 18.756 Thread 0x000001e5bb79ad80 5841       1       org.apache.tomcat.util.buf.AbstractChunk::getStart (5 bytes)
Event: 18.756 Thread 0x000001e5bb79ad80 nmethod 5841 0x000001e5abf68390 code [0x000001e5abf68520, 0x000001e5abf685e8]
Event: 18.756 Thread 0x000001e5bb79ad80 5842       1       org.apache.catalina.connector.Response::getCoyoteResponse (5 bytes)
Event: 18.756 Thread 0x000001e5be238e50 5843       1       org.apache.tomcat.util.buf.AbstractChunk::recycle (21 bytes)
Event: 18.756 Thread 0x000001e5bb79ad80 nmethod 5842 0x000001e5abf68090 code [0x000001e5abf68220, 0x000001e5abf682f0]
Event: 18.757 Thread 0x000001e5be238e50 nmethod 5843 0x000001e5abf67d90 code [0x000001e5abf67f20, 0x000001e5abf68000]
Event: 20.670 Thread 0x000001e5be238e50 5844       1       java.io.File::length (33 bytes)
Event: 20.670 Thread 0x000001e5bb79ad80 5845   !   1       java.io.WinNTFileSystem::getLength (27 bytes)
Event: 20.670 Thread 0x000001e5bb79ad80 nmethod 5845 0x000001e5abf67510 code [0x000001e5abf676e0, 0x000001e5abf67868]
Event: 20.670 Thread 0x000001e5be238e50 nmethod 5844 0x000001e5abf67010 code [0x000001e5abf671e0, 0x000001e5abf673c8]
Event: 21.686 Thread 0x000001e5be238e50 5847       1       org.springframework.boot.devtools.filewatch.FileSnapshot::<init> (64 bytes)
Event: 21.686 Thread 0x000001e5bb79ad80 5848       1       java.io.File::lastModified (33 bytes)
Event: 21.686 Thread 0x000001e5bb79ad80 nmethod 5848 0x000001e5abf66710 code [0x000001e5abf668e0, 0x000001e5abf66ac8]
Event: 21.686 Thread 0x000001e5bb79ad80 5849   !   1       java.io.WinNTFileSystem::getLastModifiedTime (27 bytes)
Event: 21.686 Thread 0x000001e5bb79ad80 nmethod 5849 0x000001e5abf66290 code [0x000001e5abf66460, 0x000001e5abf665e8]
Event: 21.687 Thread 0x000001e5be238e50 nmethod 5847 0x000001e5abf65210 code [0x000001e5abf654e0, 0x000001e5abf65c88]
Event: 22.053 Thread 0x000001e5be238e50 5851       1       org.apache.tomcat.util.http.MimeHeaderField::getValue (5 bytes)
Event: 22.053 Thread 0x000001e5be238e50 nmethod 5851 0x000001e5abf64f10 code [0x000001e5abf650a0, 0x000001e5abf65170]

GC Heap History (20 events):
Event: 0.947 GC heap before
{Heap before GC invocations=0 (full 0):
 garbage-first heap   total 655360K, used 32768K [0x0000000583000000, 0x0000000800000000)
  region size 8192K, 4 young (32768K), 0 survivors (0K)
 Metaspace       used 7691K, committed 8000K, reserved 1114112K
  class space    used 952K, committed 1088K, reserved 1048576K
}
Event: 0.951 GC heap after
{Heap after GC invocations=1 (full 0):
 garbage-first heap   total 655360K, used 7285K [0x0000000583000000, 0x0000000800000000)
  region size 8192K, 1 young (8192K), 1 survivors (8192K)
 Metaspace       used 7691K, committed 8000K, reserved 1114112K
  class space    used 952K, committed 1088K, reserved 1048576K
}
Event: 1.451 GC heap before
{Heap before GC invocations=1 (full 0):
 garbage-first heap   total 655360K, used 31861K [0x0000000583000000, 0x0000000800000000)
  region size 8192K, 4 young (32768K), 1 survivors (8192K)
 Metaspace       used 13326K, committed 13696K, reserved 1114112K
  class space    used 1761K, committed 1920K, reserved 1048576K
}
Event: 1.456 GC heap after
{Heap after GC invocations=2 (full 0):
 garbage-first heap   total 655360K, used 9776K [0x0000000583000000, 0x0000000800000000)
  region size 8192K, 1 young (8192K), 1 survivors (8192K)
 Metaspace       used 13326K, committed 13696K, reserved 1114112K
  class space    used 1761K, committed 1920K, reserved 1048576K
}
Event: 2.010 GC heap before
{Heap before GC invocations=2 (full 0):
 garbage-first heap   total 655360K, used 34352K [0x0000000583000000, 0x0000000800000000)
  region size 8192K, 6 young (49152K), 1 survivors (8192K)
 Metaspace       used 20637K, committed 20992K, reserved 1114112K
  class space    used 2706K, committed 2880K, reserved 1048576K
}
Event: 2.014 GC heap after
{Heap after GC invocations=3 (full 0):
 garbage-first heap   total 655360K, used 13203K [0x0000000583000000, 0x0000000800000000)
  region size 8192K, 1 young (8192K), 1 survivors (8192K)
 Metaspace       used 20637K, committed 20992K, reserved 1114112K
  class space    used 2706K, committed 2880K, reserved 1048576K
}
Event: 3.257 GC heap before
{Heap before GC invocations=4 (full 0):
 garbage-first heap   total 81920K, used 78739K [0x0000000583000000, 0x0000000800000000)
  region size 8192K, 9 young (73728K), 1 survivors (8192K)
 Metaspace       used 28185K, committed 28736K, reserved 1114112K
  class space    used 3912K, committed 4160K, reserved 1048576K
}
Event: 3.264 GC heap after
{Heap after GC invocations=5 (full 0):
 garbage-first heap   total 98304K, used 18054K [0x0000000583000000, 0x0000000800000000)
  region size 8192K, 2 young (16384K), 2 survivors (16384K)
 Metaspace       used 28185K, committed 28736K, reserved 1114112K
  class space    used 3912K, committed 4160K, reserved 1048576K
}
Event: 3.924 GC heap before
{Heap before GC invocations=5 (full 0):
 garbage-first heap   total 98304K, used 50822K [0x0000000583000000, 0x0000000800000000)
  region size 8192K, 7 young (57344K), 2 survivors (16384K)
 Metaspace       used 34408K, committed 35008K, reserved 1114112K
  class space    used 4631K, committed 4928K, reserved 1048576K
}
Event: 3.932 GC heap after
{Heap after GC invocations=6 (full 0):
 garbage-first heap   total 98304K, used 20194K [0x0000000583000000, 0x0000000800000000)
  region size 8192K, 1 young (8192K), 1 survivors (8192K)
 Metaspace       used 34408K, committed 35008K, reserved 1114112K
  class space    used 4631K, committed 4928K, reserved 1048576K
}
Event: 3.956 GC heap before
{Heap before GC invocations=6 (full 0):
 garbage-first heap   total 98304K, used 20194K [0x0000000583000000, 0x0000000800000000)
  region size 8192K, 2 young (16384K), 1 survivors (8192K)
 Metaspace       used 34715K, committed 35328K, reserved 1114112K
  class space    used 4683K, committed 4992K, reserved 1048576K
}
Event: 3.959 GC heap after
{Heap after GC invocations=7 (full 0):
 garbage-first heap   total 98304K, used 19576K [0x0000000583000000, 0x0000000800000000)
  region size 8192K, 1 young (8192K), 1 survivors (8192K)
 Metaspace       used 34715K, committed 35328K, reserved 1114112K
  class space    used 4683K, committed 4992K, reserved 1048576K
}
Event: 4.952 GC heap before
{Heap before GC invocations=8 (full 0):
 garbage-first heap   total 98304K, used 68728K [0x0000000583000000, 0x0000000800000000)
  region size 8192K, 7 young (57344K), 1 survivors (8192K)
 Metaspace       used 47732K, committed 48384K, reserved 1114112K
  class space    used 6730K, committed 6976K, reserved 1048576K
}
Event: 4.956 GC heap after
{Heap after GC invocations=9 (full 0):
 garbage-first heap   total 98304K, used 22600K [0x0000000583000000, 0x0000000800000000)
  region size 8192K, 1 young (8192K), 1 survivors (8192K)
 Metaspace       used 47732K, committed 48384K, reserved 1114112K
  class space    used 6730K, committed 6976K, reserved 1048576K
}
Event: 5.895 GC heap before
{Heap before GC invocations=9 (full 0):
 garbage-first heap   total 98304K, used 71752K [0x0000000583000000, 0x0000000800000000)
  region size 8192K, 7 young (57344K), 1 survivors (8192K)
 Metaspace       used 58034K, committed 58752K, reserved 1114112K
  class space    used 8249K, committed 8576K, reserved 1048576K
}
Event: 5.900 GC heap after
{Heap after GC invocations=10 (full 0):
 garbage-first heap   total 98304K, used 26200K [0x0000000583000000, 0x0000000800000000)
  region size 8192K, 1 young (8192K), 1 survivors (8192K)
 Metaspace       used 58034K, committed 58752K, reserved 1114112K
  class space    used 8249K, committed 8576K, reserved 1048576K
}
Event: 5.925 GC heap before
{Heap before GC invocations=10 (full 0):
 garbage-first heap   total 98304K, used 26200K [0x0000000583000000, 0x0000000800000000)
  region size 8192K, 2 young (16384K), 1 survivors (8192K)
 Metaspace       used 58425K, committed 59136K, reserved 1114112K
  class space    used 8292K, committed 8640K, reserved 1048576K
}
Event: 5.929 GC heap after
{Heap after GC invocations=11 (full 0):
 garbage-first heap   total 98304K, used 25939K [0x0000000583000000, 0x0000000800000000)
  region size 8192K, 1 young (8192K), 1 survivors (8192K)
 Metaspace       used 58425K, committed 59136K, reserved 1114112K
  class space    used 8292K, committed 8640K, reserved 1048576K
}
Event: 6.685 GC heap before
{Heap before GC invocations=12 (full 0):
 garbage-first heap   total 98304K, used 75091K [0x0000000583000000, 0x0000000800000000)
  region size 8192K, 7 young (57344K), 1 survivors (8192K)
 Metaspace       used 61815K, committed 62592K, reserved 1114112K
  class space    used 8892K, committed 9216K, reserved 1048576K
}
Event: 6.690 GC heap after
{Heap after GC invocations=13 (full 0):
 garbage-first heap   total 98304K, used 29786K [0x0000000583000000, 0x0000000800000000)
  region size 8192K, 1 young (8192K), 1 survivors (8192K)
 Metaspace       used 61815K, committed 62592K, reserved 1114112K
  class space    used 8892K, committed 9216K, reserved 1048576K
}

Dll operation events (13 events):
Event: 0.011 Loaded shared library C:\Program Files\Java\jdk-21\bin\java.dll
Event: 0.150 Loaded shared library C:\Program Files\Java\jdk-21\bin\zip.dll
Event: 0.155 Loaded shared library C:\Program Files\Java\jdk-21\bin\instrument.dll
Event: 0.161 Loaded shared library C:\Program Files\Java\jdk-21\bin\net.dll
Event: 0.163 Loaded shared library C:\Program Files\Java\jdk-21\bin\nio.dll
Event: 0.168 Loaded shared library C:\Program Files\Java\jdk-21\bin\zip.dll
Event: 0.289 Loaded shared library C:\Program Files\JetBrains\IntelliJ IDEA 2024.2.3\bin\breakgen64.dll
Event: 0.294 Loaded shared library C:\Program Files\Java\jdk-21\bin\jimage.dll
Event: 0.299 Loaded shared library C:\Program Files\Java\jdk-21\bin\extnet.dll
Event: 0.316 Loaded shared library C:\Program Files\Java\jdk-21\bin\management.dll
Event: 0.327 Loaded shared library C:\Program Files\Java\jdk-21\bin\management_ext.dll
Event: 1.785 Loaded shared library C:\Program Files\Java\jdk-21\bin\sunmscapi.dll
Event: 4.175 Loaded shared library C:\Program Files\Java\jdk-21\bin\verify.dll

Deoptimization events (8 events):
Event: 2.953 Thread 0x000001e5bebac110 DEOPT PACKING pc=0x000001e5ac52bf14 sp=0x0000001c128fd110
Event: 2.953 Thread 0x000001e5bebac110 DEOPT UNPACKING pc=0x000001e5abd74e42 sp=0x0000001c128fc5c8 mode 0
Event: 5.644 Thread 0x000001e5bebac110 DEOPT PACKING pc=0x000001e5ac3ac201 sp=0x0000001c128fcbb0
Event: 5.644 Thread 0x000001e5bebac110 DEOPT UNPACKING pc=0x000001e5abd74e42 sp=0x0000001c128fc0b8 mode 3
Event: 5.644 Thread 0x000001e5bebac110 DEOPT PACKING pc=0x000001e5ac38c54a sp=0x0000001c128fcb70
Event: 5.644 Thread 0x000001e5bebac110 DEOPT UNPACKING pc=0x000001e5abd74e42 sp=0x0000001c128fc0b8 mode 3
Event: 5.733 Thread 0x000001e5bebac110 DEOPT PACKING pc=0x000001e5ac392f44 sp=0x0000001c128fd020
Event: 5.733 Thread 0x000001e5bebac110 DEOPT UNPACKING pc=0x000001e5abd74e42 sp=0x0000001c128fc578 mode 0

Classes loaded (20 events):
Event: 17.400 Loading class java/util/concurrent/Semaphore$NonfairSync
Event: 17.400 Loading class java/util/concurrent/Semaphore$Sync
Event: 17.400 Loading class java/util/concurrent/Semaphore$Sync done
Event: 17.400 Loading class java/util/concurrent/Semaphore$NonfairSync done
Event: 17.400 Loading class sun/nio/ch/SocketAdaptor
Event: 17.401 Loading class sun/nio/ch/SocketAdaptor done
Event: 17.401 Loading class sun/nio/ch/SocketChannelImpl$DefaultOptionsHolder
Event: 17.401 Loading class sun/nio/ch/SocketChannelImpl$DefaultOptionsHolder done
Event: 17.402 Loading class sun/nio/ch/SelectionKeyImpl
Event: 17.402 Loading class java/nio/channels/spi/AbstractSelectionKey
Event: 17.403 Loading class java/nio/channels/SelectionKey
Event: 17.403 Loading class java/nio/channels/SelectionKey done
Event: 17.403 Loading class java/nio/channels/spi/AbstractSelectionKey done
Event: 17.403 Loading class sun/nio/ch/SelectionKeyImpl done
Event: 17.403 Loading class java/lang/invoke/ConstantBootstraps
Event: 17.403 Loading class java/lang/invoke/ConstantBootstraps done
Event: 17.577 Loading class java/time/format/DateTimeFormatterBuilder$ZoneTextPrinterParser
Event: 17.577 Loading class java/time/format/DateTimeFormatterBuilder$ZoneTextPrinterParser done
Event: 17.577 Loading class java/time/format/DateTimeFormatterBuilder$ReducedPrinterParser
Event: 17.577 Loading class java/time/format/DateTimeFormatterBuilder$ReducedPrinterParser done

Classes unloaded (0 events):
No events

Classes redefined (0 events):
No events

Internal exceptions (20 events):
Event: 5.425 Thread 0x000001e5bebac110 Exception <a 'java/lang/NoSuchMethodError'{0x0000000587cb3cd8}: 'java.lang.Object java.lang.invoke.Invokers$Holder.linkToTargetMethod(java.lang.Object, java.lang.Object, java.lang.Object, java.lang.Object, java.lang.Object, java.lang.Object, java.lang.Object, java.lang.Object, java.lang.Object, java.lang.Object, java.lang.Object, java.lang.Object)'> (0x0000000587cb3cd8) 
thrown [s\open\src\hotspot\share\interpreter\linkResolver.cpp, line 773]
Event: 5.455 Thread 0x000001e5bebac110 Exception <a 'java/lang/IncompatibleClassChangeError'{0x0000000587e1c818}: Found class java.lang.Object, but interface was expected> (0x0000000587e1c818) 
thrown [s\open\src\hotspot\share\interpreter\linkResolver.cpp, line 840]
Event: 5.465 Thread 0x000001e5bebac110 Exception <a 'java/lang/NoSuchMethodError'{0x0000000587eae7c0}: 'java.lang.Object java.lang.invoke.DirectMethodHandle$Holder.newInvokeSpecial(java.lang.Object, java.lang.Object, int, java.lang.Object, int, java.lang.Object, java.lang.Object)'> (0x0000000587eae7c0) 
thrown [s\open\src\hotspot\share\interpreter\linkResolver.cpp, line 773]
Event: 5.473 Thread 0x000001e5bebac110 Exception <a 'java/lang/NoSuchMethodError'{0x0000000587f1cf40}: 'java.lang.Object java.lang.invoke.DirectMethodHandle$Holder.newInvokeSpecial(java.lang.Object, java.lang.Object, java.lang.Object, java.lang.Object, java.lang.Object, java.lang.Object, java.lang.Object, int)'> (0x0000000587f1cf40) 
thrown [s\open\src\hotspot\share\interpreter\linkResolver.cpp, line 773]
Event: 5.474 Thread 0x000001e5bebac110 Exception <a 'java/lang/NoSuchMethodError'{0x0000000587f214a0}: 'java.lang.Object java.lang.invoke.DirectMethodHandle$Holder.invokeSpecial(java.lang.Object, java.lang.Object, java.lang.Object, java.lang.Object, java.lang.Object, java.lang.Object, java.lang.Object, java.lang.Object, int)'> (0x0000000587f214a0) 
thrown [s\open\src\hotspot\share\interpreter\linkResolver.cpp, line 773]
Event: 5.474 Thread 0x000001e5bebac110 Exception <a 'java/lang/NoSuchMethodError'{0x0000000587f254b8}: 'java.lang.Object java.lang.invoke.Invokers$Holder.linkToTargetMethod(java.lang.Object, java.lang.Object, java.lang.Object, java.lang.Object, java.lang.Object, java.lang.Object, int, java.lang.Object)'> (0x0000000587f254b8) 
thrown [s\open\src\hotspot\share\interpreter\linkResolver.cpp, line 773]
Event: 5.553 Thread 0x000001e5bebac110 Exception <a 'java/lang/NoSuchMethodError'{0x00000005872e9e70}: 'void java.lang.invoke.Invokers$Holder.invokeExact_MT(java.lang.Object, java.lang.Object, java.lang.Object, java.lang.Object)'> (0x00000005872e9e70) 
thrown [s\open\src\hotspot\share\interpreter\linkResolver.cpp, line 773]
Event: 5.615 Thread 0x000001e5bebac110 Exception <a 'java/lang/IncompatibleClassChangeError'{0x000000058779e5b8}: Found class java.lang.Object, but interface was expected> (0x000000058779e5b8) 
thrown [s\open\src\hotspot\share\interpreter\linkResolver.cpp, line 840]
Event: 5.622 Thread 0x000001e5bebac110 Exception <a 'java/lang/IncompatibleClassChangeError'{0x000000058682c768}: Found class java.lang.Object, but interface was expected> (0x000000058682c768) 
thrown [s\open\src\hotspot\share\interpreter\linkResolver.cpp, line 840]
Event: 5.654 Thread 0x000001e5bebac110 Exception <a 'java/lang/IncompatibleClassChangeError'{0x00000005869fc8a0}: Found class java.lang.Object, but interface was expected> (0x00000005869fc8a0) 
thrown [s\open\src\hotspot\share\interpreter\linkResolver.cpp, line 840]
Event: 5.787 Thread 0x000001e5bebac110 Exception <a 'java/lang/IncompatibleClassChangeError'{0x0000000586095ea0}: Found class java.lang.Object, but interface was expected> (0x0000000586095ea0) 
thrown [s\open\src\hotspot\share\interpreter\linkResolver.cpp, line 840]
Event: 5.902 Thread 0x000001e5bebac110 Exception <a 'java/lang/IncompatibleClassChangeError'{0x00000005aa84e420}: Found class java.lang.Object, but interface was expected> (0x00000005aa84e420) 
thrown [s\open\src\hotspot\share\interpreter\linkResolver.cpp, line 840]
Event: 6.040 Thread 0x000001e5bebac110 Exception <a 'java/lang/NoSuchMethodError'{0x00000005aaf384b0}: 'java.lang.Object java.lang.invoke.DirectMethodHandle$Holder.newInvokeSpecial(java.lang.Object, java.lang.Object, java.lang.Object, java.lang.Object, java.lang.Object, java.lang.Object, java.lang.Object, java.lang.Object)'> (0x00000005aaf384b0) 
thrown [s\open\src\hotspot\share\interpreter\linkResolver.cpp, line 773]
Event: 6.382 Thread 0x000001e5bebac110 Exception <a 'java/lang/IncompatibleClassChangeError'{0x0000000586cc8a98}: Found class java.lang.Object, but interface was expected> (0x0000000586cc8a98) 
thrown [s\open\src\hotspot\share\interpreter\linkResolver.cpp, line 840]
Event: 6.550 Thread 0x000001e5bebac110 Exception <a 'java/lang/NoSuchMethodError'{0x0000000586773530}: 'void java.lang.invoke.DirectMethodHandle$Holder.invokeVirtual(java.lang.Object, java.lang.Object, long)'> (0x0000000586773530) 
thrown [s\open\src\hotspot\share\interpreter\linkResolver.cpp, line 773]
Event: 6.679 Thread 0x000001e5bebac110 Exception <a 'java/lang/IncompatibleClassChangeError'{0x0000000585fa50e0}: Found class java.lang.Object, but interface was expected> (0x0000000585fa50e0) 
thrown [s\open\src\hotspot\share\interpreter\linkResolver.cpp, line 840]
Event: 6.803 Thread 0x000001e5bebac110 Exception <a 'java/lang/NoSuchMethodError'{0x00000005a7830768}: 'java.lang.Object java.lang.invoke.DirectMethodHandle$Holder.newInvokeSpecial(java.lang.Object, java.lang.Object, int, java.lang.Object, java.lang.Object)'> (0x00000005a7830768) 
thrown [s\open\src\hotspot\share\interpreter\linkResolver.cpp, line 773]
Event: 7.325 Thread 0x000001e5bed4d080 Exception <a 'java/lang/NoSuchMethodError'{0x00000005a7dee8c0}: 'java.lang.Object java.lang.invoke.DirectMethodHandle$Holder.invokeInterface(java.lang.Object, java.lang.Object, java.lang.Object, java.lang.Object, java.lang.Object, java.lang.Object, java.lang.Object)'> (0x00000005a7dee8c0) 
thrown [s\open\src\hotspot\share\interpreter\linkResolver.cpp, line 773]
Event: 17.452 Thread 0x000001e6062d5970 Exception <a 'java/lang/NoSuchMethodError'{0x0000000587816548}: 'java.lang.Object java.lang.invoke.DirectMethodHandle$Holder.invokeSpecial(java.lang.Object, java.lang.Object, java.lang.Object, java.lang.Object, java.lang.Object, long)'> (0x0000000587816548) 
thrown [s\open\src\hotspot\share\interpreter\linkResolver.cpp, line 773]
Event: 17.452 Thread 0x000001e6062d5970 Exception <a 'java/lang/NoSuchMethodError'{0x0000000587819d08}: 'java.lang.Object java.lang.invoke.Invokers$Holder.linkToTargetMethod(java.lang.Object, java.lang.Object, java.lang.Object, long, java.lang.Object)'> (0x0000000587819d08) 
thrown [s\open\src\hotspot\share\interpreter\linkResolver.cpp, line 773]

ZGC Phase Switch (0 events):
No events

VM Operations (20 events):
Event: 6.239 Executing VM operation: HandshakeAllThreads (Deoptimize)
Event: 6.240 Executing VM operation: HandshakeAllThreads (Deoptimize) done
Event: 6.240 Executing VM operation: HandshakeAllThreads (Deoptimize)
Event: 6.240 Executing VM operation: HandshakeAllThreads (Deoptimize) done
Event: 6.575 Executing VM operation: HandshakeAllThreads (Deoptimize)
Event: 6.575 Executing VM operation: HandshakeAllThreads (Deoptimize) done
Event: 6.685 Executing VM operation: G1CollectForAllocation (G1 Evacuation Pause)
Event: 6.690 Executing VM operation: G1CollectForAllocation (G1 Evacuation Pause) done
Event: 6.801 Executing VM operation: HandshakeAllThreads (Deoptimize)
Event: 6.801 Executing VM operation: HandshakeAllThreads (Deoptimize) done
Event: 7.802 Executing VM operation: Cleanup
Event: 7.802 Executing VM operation: Cleanup done
Event: 17.472 Executing VM operation: HandshakeAllThreads (Deoptimize)
Event: 17.472 Executing VM operation: HandshakeAllThreads (Deoptimize) done
Event: 17.472 Executing VM operation: Cleanup
Event: 17.472 Executing VM operation: Cleanup done
Event: 18.485 Executing VM operation: Cleanup
Event: 18.485 Executing VM operation: Cleanup done
Event: 19.499 Executing VM operation: Cleanup
Event: 19.499 Executing VM operation: Cleanup done

Events (20 events):
Event: 6.811 Thread 0x000001e6062d6000 Thread added: 0x000001e6062d6000
Event: 6.811 Thread 0x000001e6062d45c0 Thread added: 0x000001e6062d45c0
Event: 6.811 Thread 0x000001e6062d4c50 Thread added: 0x000001e6062d4c50
Event: 6.811 Thread 0x000001e6062cfd90 Thread added: 0x000001e6062cfd90
Event: 6.816 Thread 0x000001e6062d3f30 Thread exited: 0x000001e6062d3f30
Event: 6.828 Thread 0x000001e6062d1e60 Thread added: 0x000001e6062d1e60
Event: 6.829 Thread 0x000001e6062d1140 Thread added: 0x000001e6062d1140
Event: 6.845 Thread 0x000001e5bebac110 Thread exited: 0x000001e5bebac110
Event: 6.847 Thread 0x000001e5bec0a660 Thread exited: 0x000001e5bec0a660
Event: 6.847 Thread 0x000001e5a172ad70 Thread exited: 0x000001e5a172ad70
Event: 6.847 Thread 0x000001e6062d3f30 Thread added: 0x000001e6062d3f30
Event: 7.317 Thread 0x000001e6062d52e0 Thread added: 0x000001e6062d52e0
Event: 7.321 Thread 0x000001e6062d52e0 Thread exited: 0x000001e6062d52e0
Event: 7.321 Thread 0x000001e6062cf070 Thread added: 0x000001e6062cf070
Event: 7.328 Thread 0x000001e6062cf070 Thread exited: 0x000001e6062cf070
Event: 7.329 Thread 0x000001e6062d52e0 Thread added: 0x000001e6062d52e0
Event: 7.336 Thread 0x000001e6062d52e0 Thread exited: 0x000001e6062d52e0
Event: 9.467 Thread 0x000001e604c87ee0 Thread exited: 0x000001e604c87ee0
Event: 11.463 Thread 0x000001e5be774070 Thread exited: 0x000001e5be774070
Event: 11.463 Thread 0x000001e5be23b510 Thread exited: 0x000001e5be23b510


Dynamic libraries:
0x00007ff6f60d0000 - 0x00007ff6f60e0000 	C:\Program Files\Java\jdk-21\bin\java.exe
0x00007ffb43250000 - 0x00007ffb43467000 	C:\Windows\SYSTEM32\ntdll.dll
0x00007ffb422c0000 - 0x00007ffb42384000 	C:\Windows\System32\KERNEL32.DLL
0x00007ffb40b10000 - 0x00007ffb40ebd000 	C:\Windows\System32\KERNELBASE.dll
0x00007ffb409f0000 - 0x00007ffb40b01000 	C:\Windows\System32\ucrtbase.dll
0x00007ffb0bf10000 - 0x00007ffb0bf2b000 	C:\Program Files\Java\jdk-21\bin\VCRUNTIME140.dll
0x00007ffb0bef0000 - 0x00007ffb0bf09000 	C:\Program Files\Java\jdk-21\bin\jli.dll
0x00007ffb41250000 - 0x00007ffb41302000 	C:\Windows\System32\ADVAPI32.dll
0x00007ffb428a0000 - 0x00007ffb42947000 	C:\Windows\System32\msvcrt.dll
0x00007ffb42210000 - 0x00007ffb422b9000 	C:\Windows\System32\sechost.dll
0x00007ffb408d0000 - 0x00007ffb408f8000 	C:\Windows\System32\bcrypt.dll
0x00007ffb41eb0000 - 0x00007ffb41fc4000 	C:\Windows\System32\RPCRT4.dll
0x00007ffb28d60000 - 0x00007ffb28ff3000 	C:\Windows\WinSxS\amd64_microsoft.windows.common-controls_6595b64144ccf1df_6.0.22621.3672_none_2713b9d173822955\COMCTL32.dll
0x00007ffb410c0000 - 0x00007ffb410e9000 	C:\Windows\System32\GDI32.dll
0x00007ffb40690000 - 0x00007ffb406b6000 	C:\Windows\System32\win32u.dll
0x00007ffb40570000 - 0x00007ffb40689000 	C:\Windows\System32\gdi32full.dll
0x00007ffb40830000 - 0x00007ffb408ca000 	C:\Windows\System32\msvcp_win.dll
0x00007ffb42a90000 - 0x00007ffb42c3e000 	C:\Windows\System32\USER32.dll
0x00007ffb38f30000 - 0x00007ffb38f3a000 	C:\Windows\SYSTEM32\VERSION.dll
0x00007ffb421c0000 - 0x00007ffb421f1000 	C:\Windows\System32\IMM32.DLL
0x00007ffb22bb0000 - 0x00007ffb22bbc000 	C:\Program Files\Java\jdk-21\bin\vcruntime140_1.dll
0x00007ffad3d50000 - 0x00007ffad3dde000 	C:\Program Files\Java\jdk-21\bin\msvcp140.dll
0x00007ffa72a10000 - 0x00007ffa73723000 	C:\Program Files\Java\jdk-21\bin\server\jvm.dll
0x00007ffb40f80000 - 0x00007ffb40ff1000 	C:\Windows\System32\WS2_32.dll
0x00007ffb40000000 - 0x00007ffb4004d000 	C:\Windows\SYSTEM32\POWRPROF.dll
0x00007ffb32d00000 - 0x00007ffb32d34000 	C:\Windows\SYSTEM32\WINMM.dll
0x00007ffb3fe80000 - 0x00007ffb3fe93000 	C:\Windows\SYSTEM32\UMPDC.dll
0x00007ffb3f580000 - 0x00007ffb3f598000 	C:\Windows\SYSTEM32\kernel.appcore.dll
0x00007ffb1fe80000 - 0x00007ffb1fe8a000 	C:\Program Files\Java\jdk-21\bin\jimage.dll
0x00007ffb32d40000 - 0x00007ffb32f72000 	C:\Windows\SYSTEM32\DBGHELP.DLL
0x00007ffb42e80000 - 0x00007ffb4320e000 	C:\Windows\System32\combase.dll
0x00007ffb429b0000 - 0x00007ffb42a87000 	C:\Windows\System32\OLEAUT32.dll
0x00007ffb217a0000 - 0x00007ffb217d2000 	C:\Windows\SYSTEM32\dbgcore.DLL
0x00007ffb40900000 - 0x00007ffb4097b000 	C:\Windows\System32\bcryptPrimitives.dll
0x00007ffb0b690000 - 0x00007ffb0b69f000 	C:\Program Files\Java\jdk-21\bin\instrument.dll
0x00007ffb0bed0000 - 0x00007ffb0beef000 	C:\Program Files\Java\jdk-21\bin\java.dll
0x00007ffb41490000 - 0x00007ffb41cf7000 	C:\Windows\System32\SHELL32.dll
0x00007ffb3e4a0000 - 0x00007ffb3ed9f000 	C:\Windows\SYSTEM32\windows.storage.dll
0x00007ffb3e360000 - 0x00007ffb3e49f000 	C:\Windows\SYSTEM32\wintypes.dll
0x00007ffb41fe0000 - 0x00007ffb420d9000 	C:\Windows\System32\SHCORE.dll
0x00007ffb41060000 - 0x00007ffb410be000 	C:\Windows\System32\shlwapi.dll
0x00007ffb404a0000 - 0x00007ffb404c7000 	C:\Windows\SYSTEM32\profapi.dll
0x00007ffb0bda0000 - 0x00007ffb0bdb8000 	C:\Program Files\Java\jdk-21\bin\zip.dll
0x00007ffb1dcb0000 - 0x00007ffb1dcc0000 	C:\Program Files\Java\jdk-21\bin\net.dll
0x00007ffb3d230000 - 0x00007ffb3d366000 	C:\Windows\SYSTEM32\WINHTTP.dll
0x00007ffb3f9e0000 - 0x00007ffb3fa49000 	C:\Windows\system32\mswsock.dll
0x00007ffb0be10000 - 0x00007ffb0be26000 	C:\Program Files\Java\jdk-21\bin\nio.dll
0x00007ffb0b670000 - 0x00007ffb0b68a000 	C:\Program Files\JetBrains\IntelliJ IDEA 2024.2.3\bin\breakgen64.dll
0x00007ffb15d40000 - 0x00007ffb15d49000 	C:\Program Files\Java\jdk-21\bin\extnet.dll
0x00007ffb3f070000 - 0x00007ffb3f168000 	C:\Windows\SYSTEM32\DNSAPI.dll
0x00007ffb3f000000 - 0x00007ffb3f02d000 	C:\Windows\SYSTEM32\IPHLPAPI.DLL
0x00007ffb420e0000 - 0x00007ffb420e9000 	C:\Windows\System32\NSI.dll
0x00007ffb39d30000 - 0x00007ffb39d3a000 	C:\Windows\System32\rasadhlp.dll
0x00007ffb3b6e0000 - 0x00007ffb3b763000 	C:\Windows\System32\fwpuclnt.dll
0x00007ffb008f0000 - 0x00007ffb008fa000 	C:\Program Files\Java\jdk-21\bin\management.dll
0x00007ffaff5b0000 - 0x00007ffaff5bb000 	C:\Program Files\Java\jdk-21\bin\management_ext.dll
0x00007ffb42200000 - 0x00007ffb42208000 	C:\Windows\System32\PSAPI.DLL
0x00007ffb3fd30000 - 0x00007ffb3fd4b000 	C:\Windows\SYSTEM32\CRYPTSP.dll
0x00007ffb3f4e0000 - 0x00007ffb3f515000 	C:\Windows\system32\rsaenh.dll
0x00007ffb3fa80000 - 0x00007ffb3faa8000 	C:\Windows\SYSTEM32\USERENV.dll
0x00007ffb3fd10000 - 0x00007ffb3fd1c000 	C:\Windows\SYSTEM32\CRYPTBASE.dll
0x00007ffad3e20000 - 0x00007ffad3e37000 	C:\Windows\system32\napinsp.dll
0x00007ffad3e00000 - 0x00007ffad3e1b000 	C:\Windows\system32\pnrpnsp.dll
0x00007ffad3de0000 - 0x00007ffad3df1000 	C:\Windows\System32\winrnr.dll
0x00007ffb28830000 - 0x00007ffb28845000 	C:\Windows\system32\wshbth.dll
0x00007ffad3e40000 - 0x00007ffad3e67000 	C:\Windows\system32\nlansp_c.dll
0x00007ffb02590000 - 0x00007ffb0259e000 	C:\Program Files\Java\jdk-21\bin\sunmscapi.dll
0x00007ffb406c0000 - 0x00007ffb40826000 	C:\Windows\System32\CRYPT32.dll
0x00007ffb3fee0000 - 0x00007ffb3ff0e000 	C:\Windows\SYSTEM32\ncrypt.dll
0x00007ffb3fea0000 - 0x00007ffb3fed7000 	C:\Windows\SYSTEM32\NTASN1.dll
0x00007ffb025a0000 - 0x00007ffb025b0000 	C:\Program Files\Java\jdk-21\bin\verify.dll
0x00007ffad40c0000 - 0x00007ffad40c8000 	C:\Windows\system32\wshunix.dll

dbghelp: loaded successfully - version: 4.0.5 - missing functions: none
symbol engine: initialized successfully - sym options: 0x614 - pdb path: .;C:\Program Files\Java\jdk-21\bin;C:\Windows\SYSTEM32;C:\Windows\WinSxS\amd64_microsoft.windows.common-controls_6595b64144ccf1df_6.0.22621.3672_none_2713b9d173822955;C:\Program Files\Java\jdk-21\bin\server;C:\Program Files\JetBrains\IntelliJ IDEA 2024.2.3\bin

VM Arguments:
jvm_args: -XX:TieredStopAtLevel=1 -Dspring.output.ansi.enabled=always -Dcom.sun.management.jmxremote -Dspring.jmx.enabled=true -Dspring.liveBeansView.mbeanDomain -Dspring.application.admin.enabled=true -Dmanagement.endpoints.jmx.exposure.include=* -javaagent:C:\Program Files\JetBrains\IntelliJ IDEA 2024.2.3\lib\idea_rt.jar=55142:C:\Program Files\JetBrains\IntelliJ IDEA 2024.2.3\bin -Dfile.encoding=UTF-8 -Dsun.stdout.encoding=UTF-8 -Dsun.stderr.encoding=UTF-8 
java_command: com.example.trabalho_frameworks.TrabalhoFrameworksApplication
java_class_path (initial): C:\Users\wallg\IdeaProjects\Trabalho_Frameworks\target\classes;C:\Users\wallg\.m2\repository\org\springframework\boot\spring-boot-starter-data-jpa\3.3.4\spring-boot-starter-data-jpa-3.3.4.jar;C:\Users\wallg\.m2\repository\org\springframework\boot\spring-boot-starter-aop\3.3.4\spring-boot-starter-aop-3.3.4.jar;C:\Users\wallg\.m2\repository\org\aspectj\aspectjweaver\1.9.22.1\aspectjweaver-1.9.22.1.jar;C:\Users\wallg\.m2\repository\org\springframework\boot\spring-boot-starter-jdbc\3.3.4\spring-boot-starter-jdbc-3.3.4.jar;C:\Users\wallg\.m2\repository\com\zaxxer\HikariCP\5.1.0\HikariCP-5.1.0.jar;C:\Users\wallg\.m2\repository\org\springframework\spring-jdbc\6.1.13\spring-jdbc-6.1.13.jar;C:\Users\wallg\.m2\repository\org\hibernate\orm\hibernate-core\6.5.3.Final\hibernate-core-6.5.3.Final.jar;C:\Users\wallg\.m2\repository\jakarta\persistence\jakarta.persistence-api\3.1.0\jakarta.persistence-api-3.1.0.jar;C:\Users\wallg\.m2\repository\jakarta\transaction\jakarta.transaction-api\2.0.1\jakarta.transaction-api-2.0.1.jar;C:\Users\wallg\.m2\repository\org\jboss\logging\jboss-logging\3.5.3.Final\jboss-logging-3.5.3.Final.jar;C:\Users\wallg\.m2\repository\org\hibernate\common\hibernate-commons-annotations\6.0.6.Final\hibernate-commons-annotations-6.0.6.Final.jar;C:\Users\wallg\.m2\repository\io\smallrye\jandex\3.1.2\jandex-3.1.2.jar;C:\Users\wallg\.m2\repository\com\fasterxml\classmate\1.7.0\classmate-1.7.0.jar;C:\Users\wallg\.m2\repository\net\bytebuddy\byte-buddy\1.14.19\byte-buddy-1.14.19.jar;C:\Users\wallg\.m2\repository\org\glassfish\jaxb\jaxb-runtime\4.0.5\jaxb-runtime-4.0.5.jar;C:\Users\wallg\.m2\repository\org\glassfish\jaxb\jaxb-core\4.0.5\jaxb-core-4.0.5.jar;C:\Users\wallg\.m2\repository\org\eclipse\angus\angus-activation\2.0.2\angus-activation-2.0.2.jar;C:\Users\wallg\.m2\repository\org\glassfish\jaxb\txw2\4.0.5\txw2-4.0.5.jar;C:\Users\wallg\.m2\repository\com\sun\istack\istack-commons-runtime\4.1.2\istack-commons-runtime-4.1.2.jar;C:\Users\wallg\.m2\repository\jakarta\inject\jakarta.inject-api\2.0.1\jakarta.inject-api-2.0.1.jar;C:\Users\wallg\.m2\repository\org\antlr\antlr4-runtime\4.13.0\antlr4-runtime-4.13.0.jar;C:\Users\wallg\.m2\repository\org\springframework\data\spring-data-jpa\3.3.4\spring-data-jpa-3.3.4.jar;C:\Users\wallg\.m2\repository\org\springframework\data\spring-data-commons\3.3.4\spring-data-commons-3.3.4.jar;C:\Users\wallg\.m2\repository\org\springframework\spring-orm\6.1.13\spring-orm-6.1.13.jar;C:\Users\wallg\.m2\repository\org\springframework\spring-context\6.1.13\spring-context-6.1.13.jar;C:\Users\wallg\.m2\repository\org\springframework\spring-tx\6.1.13\spring-tx-6.1.13.jar;C:\Users\wallg\.m2\repository\org\springframework\spring-beans\6.1.13\spring-beans-6.1.13.jar;C:\Users\wallg\.m2\repository\jakarta\annotation\jakarta.annotation-api\2.1.1\jakarta.annotation-api-2.1.1.jar;C:\Users\wallg\.m2\repository\org\slf4j\slf4j-api\2.0.16\slf4j-api-2.0.16.jar;C:\Users\wallg\.m2\repository\org\springframework\spring-aspects\6.1.13\spring-aspects-6.1.13.jar;C:\Users\wallg\.m2\repository\org\springframework\boot\spring-boot-starter-web\3.3.4\spring-boot-starter-web-3.3.4.jar;C:\Users\wallg\.m2\repository\org\springframework\boot\spring-boot-starter\3.3.4\spring-boot-starter-3.3.4.jar;C:\Users\wallg\.m2\repository\org\springframework\boot\spring-boot-starter-logging\3.3.4\spring-boot-starter-logging-3.3.4.jar;C:\Users\wallg\.m2\repository\ch\qos\logback\logback-classic\1.5.8\logback-classic-1.5.8.jar;C:\Users\wallg\.m2\repository\ch\qos\logback\logback-core\1.5.8\logback-core-1.5.8.jar;C:\Users\wallg\.m2\repository\org\apache\logging\log4j\log4j-to-slf4j\2.23.1\log4j-to-slf4j-2.23.1.jar;C:\Users\wallg\.m2\repository\org\apache\logging\log4j\log4j-api\2.23.1\log4j-api-2.23.1.jar;C:\Users\wallg\.m2\repository\org\slf4j\jul-to-slf4j\2.0.16\jul-to-slf4j-2.0.16.jar;C:\Users\wallg\.m2\repository\org\yaml\snakeyaml\2.2\snakeyaml-2.2.jar;C:\Users\wallg\.m2\repository\org\springframework\boot\spring-boot-starter-json\3.3.4\spring-boot-starter-json-3.3.4.jar;C:\Users\wallg\.m2\repository\com\fasterxml\jackson\core\jackson-databind\2.17.2\jackson-databind-2.17.2.jar;C:\Users\wallg\.m2\repository\com\fasterxml\jackson\core\jackson-annotations\2.17.2\jackson-annotations-2.17.2.jar;C:\Users\wallg\.m2\repository\com\fasterxml\jackson\core\jackson-core\2.17.2\jackson-core-2.17.2.jar;C:\Users\wallg\.m2\repository\com\fasterxml\jackson\datatype\jackson-datatype-jdk8\2.17.2\jackson-datatype-jdk8-2.17.2.jar;C:\Users\wallg\.m2\repository\com\fasterxml\jackson\datatype\jackson-datatype-jsr310\2.17.2\jackson-datatype-jsr310-2.17.2.jar;C:\Users\wallg\.m2\repository\com\fasterxml\jackson\module\jackson-module-parameter-names\2.17.2\jackson-module-parameter-names-2.17.2.jar;C:\Users\wallg\.m2\repository\org\springframework\boot\spring-boot-starter-tomcat\3.3.4\spring-boot-starter-tomcat-3.3.4.jar;C:\Users\wallg\.m2\repository\org\apache\tomcat\embed\tomcat-embed-core\10.1.30\tomcat-embed-core-10.1.30.jar;C:\Users\wallg\.m2\repository\org\apache\tomcat\embed\tomcat-embed-el\10.1.30\tomcat-embed-el-10.1.30.jar;C:\Users\wallg\.m2\repository\org\apache\tomcat\embed\tomcat-embed-websocket\10.1.30\tomcat-embed-websocket-10.1.30.jar;C:\Users\wallg\.m2\repository\org\springframework\spring-web\6.1.13\spring-web-6.1.13.jar;C:\Users\wallg\.m2\repository\io\micrometer\micrometer-observation\1.13.4\micrometer-observation-1.13.4.jar;C:\Users\wallg\.m2\repository\io\micrometer\micrometer-commons\1.13.4\micrometer-commons-1.13.4.jar;C:\Users\wallg\.m2\repository\org\springframework\spring-webmvc\6.1.13\spring-webmvc-6.1.13.jar;C:\Users\wallg\.m2\repository\org\springframework\spring-expression\6.1.13\spring-expression-6.1.13.jar;C:\Users\wallg\.m2\repository\org\springframework\boot\spring-boot-devtools\3.3.4\spring-boot-devtools-3.3.4.jar;C:\Users\wallg\.m2\repository\org\springframework\boot\spring-boot\3.3.4\spring-boot-3.3.4.jar;C:\Users\wallg\.m2\repository\org\springframework\boot\spring-boot-autoconfigure\3.3.4\spring-boot-autoconfigure-3.3.4.jar;C:\Users\wallg\.m2\repository\org\postgresql\postgresql\42.7.4\postgresql-42.7.4.jar;C:\Users\wallg\.m2\repository\org\checkerframework\checker-qual\3.42.0\checker-qual-3.42.0.jar;C:\Users\wallg\.m2\repository\org\projectlombok\lombok\1.18.34\lombok-1.18.34.jar;C:\Users\wallg\.m2\repository\jakarta\xml\bind\jakarta.xml.bind-api\4.0.2\jakarta.xml.bind-api-4.0.2.jar;C:\Users\wallg\.m2\repository\jakarta\activation\jakarta.activation-api\2.1.3\jakarta.activation-api-2.1.3.jar;C:\Users\wallg\.m2\repository\org\springframework\spring-core\6.1.13\spring-core-6.1.13.jar;C:\Users\wallg\.m2\repository\org\springframework\spring-jcl\6.1.13\spring-jcl-6.1.13.jar;C:\Users\wallg\.m2\repository\org\springframework\boot\spring-boot-starter-security\3.3.4\spring-boot-starter-security-3.3.4.jar;C:\Users\wallg\.m2\repository\org\springframework\spring-aop\6.1.13\spring-aop-6.1.13.jar;C:\Users\wallg\.m2\repository\org\springframework\security\spring-security-config\6.3.3\spring-security-config-6.3.3.jar;C:\Users\wallg\.m2\repository\org\springframework\security\spring-security-core\6.3.3\spring-security-core-6.3.3.jar;C:\Users\wallg\.m2\repository\org\springframework\security\spring-security-crypto\6.3.3\spring-security-crypto-6.3.3.jar;C:\Users\wallg\.m2\repository\org\springframework\security\spring-security-web\6.3.3\spring-security-web-6.3.3.jar
Launcher Type: SUN_STANDARD

[Global flags]
     intx CICompilerCount                          = 4                                         {product} {ergonomic}
     uint ConcGCThreads                            = 2                                         {product} {ergonomic}
     uint G1ConcRefinementThreads                  = 8                                         {product} {ergonomic}
   size_t G1HeapRegionSize                         = 8388608                                   {product} {ergonomic}
    uintx GCDrainStackTargetSize                   = 64                                        {product} {ergonomic}
   size_t InitialHeapSize                          = 671088640                                 {product} {ergonomic}
     bool ManagementServer                         = true                                      {product} {command line}
   size_t MarkStackSize                            = 4194304                                   {product} {ergonomic}
   size_t MaxHeapSize                              = 10687086592                               {product} {ergonomic}
   size_t MaxNewSize                               = 6408896512                                {product} {ergonomic}
   size_t MinHeapDeltaBytes                        = 8388608                                   {product} {ergonomic}
   size_t MinHeapSize                              = 8388608                                   {product} {ergonomic}
    uintx NonNMethodCodeHeapSize                   = 4096                                   {pd product} {ergonomic}
    uintx NonProfiledCodeHeapSize                  = 0                                      {pd product} {ergonomic}
     bool ProfileInterpreter                       = false                                  {pd product} {command line}
    uintx ProfiledCodeHeapSize                     = 0                                      {pd product} {ergonomic}
   size_t SoftMaxHeapSize                          = 10687086592                            {manageable} {ergonomic}
     intx TieredStopAtLevel                        = 1                                         {product} {command line}
     bool UseCompressedOops                        = true                           {product lp64_product} {ergonomic}
     bool UseG1GC                                  = true                                      {product} {ergonomic}
     bool UseLargePagesIndividualAllocation        = false                                  {pd product} {ergonomic}

Logging:
Log output configuration:
 #0: stdout all=warning uptime,level,tags foldmultilines=false
 #1: stderr all=off uptime,level,tags foldmultilines=false

Environment Variables:
PATH=C:\Program Files\Common Files\Oracle\Java\javapath;C:\Windows\system32;C:\Windows;C:\Windows\System32\Wbem;C:\Windows\System32\WindowsPowerShell\v1.0\;C:\Windows\System32\OpenSSH\;C:\Program Files\nodejs\;C:\Program Files\Git\cmd;C:\Program Files\Docker\Docker\resources\bin;C:\Users\wallg\AppData\Local\Microsoft\WindowsApps;C:\Users\wallg\AppData\Local\Programs\Microsoft VS Code\bin;C:\Users\wallg\AppData\Roaming\npm;C:\Users\wallg\AppData\Local\GitHubDesktop\bin;C:\Program Files\JetBrains\IntelliJ IDEA 2024.2.3\bin;
USERNAME=wallg
OS=Windows_NT
PROCESSOR_IDENTIFIER=AMD64 Family 23 Model 96 Stepping 1, AuthenticAMD
TMP=C:\Users\wallg\AppData\Local\Temp
TEMP=C:\Users\wallg\AppData\Local\Temp




Periodic native trim disabled

---------------  S Y S T E M  ---------------

OS:
 Windows 11 , 64 bit Build 22621 (10.0.22621.3958)
OS uptime: 0 days 7:22 hours
Hyper-V role detected

CPU: total 8 (initial active 8) (8 cores per cpu, 2 threads per core) family 23 model 96 stepping 1 microcode 0x0, cx8, cmov, fxsr, ht, mmx, 3dnowpref, sse, sse2, sse3, ssse3, sse4a, sse4.1, sse4.2, popcnt, lzcnt, tsc, tscinvbit, avx, avx2, aes, clmul, bmi1, bmi2, adx, sha, fma, vzeroupper, clflush, clflushopt, hv, rdtscp, rdpid, f16c
Processor Information for all 8 processors :
  Max Mhz: 3801, Current Mhz: 3801, Mhz Limit: 3801

Memory: 4k page, system-wide physical 40755M (22298M free)
TotalPageFile size 43315M (AvailPageFile size 13012M)
current process WorkingSet (physical memory assigned to process): 249M, peak: 249M
current process commit charge ("private bytes"): 289M, peak: 770M

vm_info: Java HotSpot(TM) 64-Bit Server VM (21.0.4+8-LTS-274) for windows-amd64 JRE (21.0.4+8-LTS-274), built on 2024-06-05T05:23:33Z by "mach5one" with MS VC++ 17.6 (VS2022)

END.
